<?xml version="1.0" encoding="utf-8"?><testsuites name="pytest tests"><testsuite name="pytest" errors="0" failures="0" skipped="0" tests="8" time="4.119" timestamp="2026-02-14T08:11:58.652483+00:00" hostname="agent-env-78d00b23-b315-45d4-aa93-cf3f471a27b1"><testcase classname="backend.tests.test_agreement.TestAgreementEndpoints" name="test_get_agreement_status_pending" time="0.425" /><testcase classname="backend.tests.test_agreement.TestAgreementEndpoints" name="test_get_agreement_invalid_token" time="0.217" /><testcase classname="backend.tests.test_agreement.TestAgreementEndpoints" name="test_get_proposal_status_accepted" time="0.341" /><testcase classname="backend.tests.test_agreement.TestAgreementEndpoints" name="test_submit_agreement_validation_required_fields" time="0.442" /><testcase classname="backend.tests.test_agreement.TestAgreementEndpoints" name="test_submit_agreement_requires_accepted_proposal" time="0.325" /><testcase classname="backend.tests.test_agreement.TestFullAgreementFlow" name="test_agreement_submission_flow" time="0.683" /><testcase classname="backend.tests.test_agreement.TestFullAgreementFlow" name="test_duplicate_agreement_submission_fails" time="1.071" /><testcase classname="backend.tests.test_agreement.TestProposalWorkflow" name="test_public_proposal_has_correct_fields" time="0.295" /></testsuite></testsuites>