<?xml version="1.0" encoding="utf-8"?><testsuites name="pytest tests"><testsuite name="pytest" errors="0" failures="0" skipped="0" tests="14" time="5.151" timestamp="2026-02-16T16:53:20.479086+00:00" hostname="agent-env-a4d01af2-a132-45c8-a277-f81f39d7ee09"><testcase classname="backend.tests.test_auditors.TestAuditorCRUD" name="test_01_list_auditors_empty_or_existing" time="0.954" /><testcase classname="backend.tests.test_auditors.TestAuditorCRUD" name="test_02_create_auditor" time="0.533" /><testcase classname="backend.tests.test_auditors.TestAuditorCRUD" name="test_03_get_auditor_by_id" time="0.187" /><testcase classname="backend.tests.test_auditors.TestAuditorCRUD" name="test_04_update_auditor" time="0.375" /><testcase classname="backend.tests.test_auditors.TestAuditorCRUD" name="test_05_set_auditor_availability" time="0.618" /><testcase classname="backend.tests.test_auditors.TestAuditorCRUD" name="test_06_delete_auditor_soft_delete" time="0.324" /><testcase classname="backend.tests.test_auditors.TestAuditorErrorHandling" name="test_get_nonexistent_auditor" time="0.219" /><testcase classname="backend.tests.test_auditors.TestAuditorErrorHandling" name="test_create_auditor_duplicate_email" time="0.563" /><testcase classname="backend.tests.test_auditors.TestAuditorErrorHandling" name="test_update_nonexistent_auditor" time="0.199" /><testcase classname="backend.tests.test_auditors.TestAuditorErrorHandling" name="test_set_availability_nonexistent_auditor" time="0.160" /><testcase classname="backend.tests.test_auditors.TestAuditorFiltering" name="test_filter_by_status" time="0.192" /><testcase classname="backend.tests.test_auditors.TestAuditorFiltering" name="test_filter_by_specialization" time="0.154" /><testcase classname="backend.tests.test_auditors.TestAuditorAuthentication" name="test_list_auditors_requires_auth" time="0.281" /><testcase classname="backend.tests.test_auditors.TestAuditorAuthentication" name="test_create_auditor_requires_auth" time="0.140" /></testsuite></testsuites>