<?xml version="1.0" encoding="utf-8"?><testsuites name="pytest tests"><testsuite name="pytest" errors="0" failures="0" skipped="0" tests="23" time="8.146" timestamp="2026-02-17T19:35:27.067704+00:00" hostname="agent-env-d0a2da4a-a4d8-4222-9723-7cdef6192a17"><testcase classname="tests.test_auditor_notes.TestAuditorNotesAPI" name="test_create_auditor_notes_manually" time="1.013" /><testcase classname="tests.test_auditor_notes.TestAuditorNotesAPI" name="test_get_auditor_notes_list" time="0.197" /><testcase classname="tests.test_auditor_notes.TestAuditorNotesAPI" name="test_get_auditor_notes_by_id" time="0.130" /><testcase classname="tests.test_auditor_notes.TestAuditorNotesAPI" name="test_update_auditor_notes_content" time="0.440" /><testcase classname="tests.test_auditor_notes.TestAuditorNotesAPI" name="test_mark_auditor_notes_completed" time="0.519" /><testcase classname="tests.test_auditor_notes.TestAuditorNotesAPI" name="test_download_auditor_notes_pdf" time="0.766" /><testcase classname="tests.test_auditor_notes.TestAuditorNotesAPI" name="test_delete_auditor_notes" time="0.285" /><testcase classname="tests.test_auditor_notes.TestAuditorNotesAPI" name="test_get_nonexistent_auditor_notes" time="0.353" /><testcase classname="tests.test_auditor_notes.TestAuditorNotesAPI" name="test_update_nonexistent_auditor_notes" time="0.204" /><testcase classname="tests.test_auditor_notes.TestAuditorNotesAPI" name="test_complete_nonexistent_auditor_notes" time="0.148" /><testcase classname="tests.test_auditor_notes.TestAuditorNotesAPI" name="test_pdf_nonexistent_auditor_notes" time="0.197" /><testcase classname="tests.test_auditor_notes.TestAuditorNotesAPI" name="test_delete_nonexistent_auditor_notes" time="0.181" /><testcase classname="tests.test_auditor_notes.TestAuditorNotesAPI" name="test_unauthorized_access" time="0.177" /><testcase classname="tests.test_auditor_notes.TestAuditorNotesFromStage2Report" name="test_get_stage2_reports_for_selection" time="0.598" /><testcase classname="tests.test_auditor_notes.TestAuditorNotesFromStage2Report" name="test_create_auditor_notes_from_stage2_report" time="0.158" /><testcase classname="tests.test_auditor_notes.TestAuditorNotesFromStage2Report" name="test_cleanup_created_notes" time="0.130" /><testcase classname="tests.test_auditor_notes.TestAuditorNotesFullWorkflow" name="test_01_create_notes" time="0.608" /><testcase classname="tests.test_auditor_notes.TestAuditorNotesFullWorkflow" name="test_02_update_notes_content" time="0.301" /><testcase classname="tests.test_auditor_notes.TestAuditorNotesFullWorkflow" name="test_03_verify_before_complete" time="0.136" /><testcase classname="tests.test_auditor_notes.TestAuditorNotesFullWorkflow" name="test_04_generate_pdf_draft" time="0.258" /><testcase classname="tests.test_auditor_notes.TestAuditorNotesFullWorkflow" name="test_05_mark_complete" time="0.349" /><testcase classname="tests.test_auditor_notes.TestAuditorNotesFullWorkflow" name="test_06_generate_pdf_completed" time="0.259" /><testcase classname="tests.test_auditor_notes.TestAuditorNotesFullWorkflow" name="test_07_cleanup" time="0.469" /></testsuite></testsuites>