<?xml version="1.0" encoding="utf-8"?><testsuites name="pytest tests"><testsuite name="pytest" errors="0" failures="0" skipped="0" tests="15" time="7.412" timestamp="2026-02-17T15:34:23.059899+00:00" hostname="agent-env-02a7ca19-b068-4f0b-af22-ff26f9c0225d"><testcase classname="backend.tests.test_audit_programs.TestAuditProgramsFeature" name="test_01_get_audit_programs_list" time="1.040" /><testcase classname="backend.tests.test_audit_programs.TestAuditProgramsFeature" name="test_02_get_audit_program_by_id_existing" time="0.339" /><testcase classname="backend.tests.test_audit_programs.TestAuditProgramsFeature" name="test_03_get_audit_program_not_found" time="0.246" /><testcase classname="backend.tests.test_audit_programs.TestAuditProgramsFeature" name="test_04_get_contract_reviews_for_creation" time="0.287" /><testcase classname="backend.tests.test_audit_programs.TestAuditProgramsFeature" name="test_05_create_audit_program_missing_review" time="0.210" /><testcase classname="backend.tests.test_audit_programs.TestAuditProgramsFeature" name="test_06_create_audit_program_duplicate" time="0.185" /><testcase classname="backend.tests.test_audit_programs.TestAuditProgramsFeature" name="test_07_update_audit_program" time="0.505" /><testcase classname="backend.tests.test_audit_programs.TestAuditProgramsFeature" name="test_08_update_audit_program_not_found" time="0.144" /><testcase classname="backend.tests.test_audit_programs.TestAuditProgramsFeature" name="test_09_approve_audit_program" time="0.607" /><testcase classname="backend.tests.test_audit_programs.TestAuditProgramsFeature" name="test_10_approve_audit_program_not_found" time="0.220" /><testcase classname="backend.tests.test_audit_programs.TestAuditProgramsFeature" name="test_11_generate_pdf" time="0.577" /><testcase classname="backend.tests.test_audit_programs.TestAuditProgramsFeature" name="test_12_generate_pdf_not_found" time="0.148" /><testcase classname="backend.tests.test_audit_programs.TestAuditProgramsFeature" name="test_13_delete_audit_program_not_found" time="0.190" /><testcase classname="backend.tests.test_audit_programs.TestAuditProgramsFeature" name="test_14_unauthorized_access" time="1.815" /><testcase classname="backend.tests.test_audit_programs.TestAuditProgramActivitiesValidation" name="test_activities_default_structure" time="0.660" /></testsuite></testsuites>