<?xml version="1.0" encoding="utf-8"?><testsuites name="pytest tests"><testsuite name="pytest" errors="0" failures="0" skipped="0" tests="16" time="9.371" timestamp="2026-02-17T21:38:00.150301+00:00" hostname="agent-env-461aa8e2-cdea-49cc-a574-9f55511d7e98"><testcase classname="backend.tests.test_certified_clients.TestCertifiedClients" name="test_01_get_all_certified_clients" time="1.373" /><testcase classname="backend.tests.test_certified_clients.TestCertifiedClients" name="test_02_get_certified_clients_with_status_filter" time="0.372" /><testcase classname="backend.tests.test_certified_clients.TestCertifiedClients" name="test_03_create_certified_client" time="0.407" /><testcase classname="backend.tests.test_certified_clients.TestCertifiedClients" name="test_04_create_certified_client_validation" time="0.443" /><testcase classname="backend.tests.test_certified_clients.TestCertifiedClients" name="test_05_get_single_certified_client" time="0.282" /><testcase classname="backend.tests.test_certified_clients.TestCertifiedClients" name="test_06_get_nonexistent_client" time="0.259" /><testcase classname="backend.tests.test_certified_clients.TestCertifiedClients" name="test_07_update_certified_client" time="0.646" /><testcase classname="backend.tests.test_certified_clients.TestCertifiedClients" name="test_08_update_nonexistent_client" time="0.323" /><testcase classname="backend.tests.test_certified_clients.TestCertifiedClients" name="test_09_get_stats_overview" time="0.281" /><testcase classname="backend.tests.test_certified_clients.TestCertifiedClients" name="test_10_export_excel" time="1.721" /><testcase classname="backend.tests.test_certified_clients.TestCertifiedClients" name="test_11_generate_pdf" time="0.469" /><testcase classname="backend.tests.test_certified_clients.TestCertifiedClients" name="test_12_pdf_nonexistent_client" time="0.248" /><testcase classname="backend.tests.test_certified_clients.TestCertifiedClients" name="test_13_delete_certified_client" time="0.547" /><testcase classname="backend.tests.test_certified_clients.TestCertifiedClients" name="test_14_delete_nonexistent_client" time="0.328" /><testcase classname="backend.tests.test_certified_clients.TestCertifiedClients" name="test_15_unauthorized_access" time="1.108" /><testcase classname="backend.tests.test_certified_clients.TestCertifiedClients" name="test_16_verify_existing_client_abc_manufacturing" time="0.237" /></testsuite></testsuites>