<?xml version="1.0" encoding="utf-8"?><testsuites name="pytest tests"><testsuite name="pytest" errors="16" failures="0" skipped="0" tests="16" time="7.479" timestamp="2026-02-17T21:37:28.160012+00:00" hostname="agent-env-461aa8e2-cdea-49cc-a574-9f55511d7e98"><testcase classname="backend.tests.test_certified_clients.TestCertifiedClients" name="test_01_get_all_certified_clients" time="0.614"><error message="failed on setup with &quot;AssertionError: Login failed: 404 page not found&#10;  &#10;assert 404 == 200&#10; +  where 404 = &lt;Response [404]&gt;.status_code&quot;">backend/tests/test_certified_clients.py:26: in setup_auth
    assert response.status_code == 200, f"Login failed: {response.text}"
E   AssertionError: Login failed: 404 page not found
E     
E   assert 404 == 200
E    +  where 404 = &lt;Response [404]&gt;.status_code</error></testcase><testcase classname="backend.tests.test_certified_clients.TestCertifiedClients" name="test_02_get_certified_clients_with_status_filter" time="0.403"><error message="failed on setup with &quot;AssertionError: Login failed: 404 page not found&#10;  &#10;assert 404 == 200&#10; +  where 404 = &lt;Response [404]&gt;.status_code&quot;">backend/tests/test_certified_clients.py:26: in setup_auth
    assert response.status_code == 200, f"Login failed: {response.text}"
E   AssertionError: Login failed: 404 page not found
E     
E   assert 404 == 200
E    +  where 404 = &lt;Response [404]&gt;.status_code</error></testcase><testcase classname="backend.tests.test_certified_clients.TestCertifiedClients" name="test_03_create_certified_client" time="0.361"><error message="failed on setup with &quot;AssertionError: Login failed: 404 page not found&#10;  &#10;assert 404 == 200&#10; +  where 404 = &lt;Response [404]&gt;.status_code&quot;">backend/tests/test_certified_clients.py:26: in setup_auth
    assert response.status_code == 200, f"Login failed: {response.text}"
E   AssertionError: Login failed: 404 page not found
E     
E   assert 404 == 200
E    +  where 404 = &lt;Response [404]&gt;.status_code</error></testcase><testcase classname="backend.tests.test_certified_clients.TestCertifiedClients" name="test_04_create_certified_client_validation" time="0.284"><error message="failed on setup with &quot;AssertionError: Login failed: 404 page not found&#10;  &#10;assert 404 == 200&#10; +  where 404 = &lt;Response [404]&gt;.status_code&quot;">backend/tests/test_certified_clients.py:26: in setup_auth
    assert response.status_code == 200, f"Login failed: {response.text}"
E   AssertionError: Login failed: 404 page not found
E     
E   assert 404 == 200
E    +  where 404 = &lt;Response [404]&gt;.status_code</error></testcase><testcase classname="backend.tests.test_certified_clients.TestCertifiedClients" name="test_05_get_single_certified_client" time="0.212"><error message="failed on setup with &quot;AssertionError: Login failed: 404 page not found&#10;  &#10;assert 404 == 200&#10; +  where 404 = &lt;Response [404]&gt;.status_code&quot;">backend/tests/test_certified_clients.py:26: in setup_auth
    assert response.status_code == 200, f"Login failed: {response.text}"
E   AssertionError: Login failed: 404 page not found
E     
E   assert 404 == 200
E    +  where 404 = &lt;Response [404]&gt;.status_code</error></testcase><testcase classname="backend.tests.test_certified_clients.TestCertifiedClients" name="test_06_get_nonexistent_client" time="0.399"><error message="failed on setup with &quot;AssertionError: Login failed: 404 page not found&#10;  &#10;assert 404 == 200&#10; +  where 404 = &lt;Response [404]&gt;.status_code&quot;">backend/tests/test_certified_clients.py:26: in setup_auth
    assert response.status_code == 200, f"Login failed: {response.text}"
E   AssertionError: Login failed: 404 page not found
E     
E   assert 404 == 200
E    +  where 404 = &lt;Response [404]&gt;.status_code</error></testcase><testcase classname="backend.tests.test_certified_clients.TestCertifiedClients" name="test_07_update_certified_client" time="0.300"><error message="failed on setup with &quot;AssertionError: Login failed: 404 page not found&#10;  &#10;assert 404 == 200&#10; +  where 404 = &lt;Response [404]&gt;.status_code&quot;">backend/tests/test_certified_clients.py:26: in setup_auth
    assert response.status_code == 200, f"Login failed: {response.text}"
E   AssertionError: Login failed: 404 page not found
E     
E   assert 404 == 200
E    +  where 404 = &lt;Response [404]&gt;.status_code</error></testcase><testcase classname="backend.tests.test_certified_clients.TestCertifiedClients" name="test_08_update_nonexistent_client" time="0.485"><error message="failed on setup with &quot;AssertionError: Login failed: 404 page not found&#10;  &#10;assert 404 == 200&#10; +  where 404 = &lt;Response [404]&gt;.status_code&quot;">backend/tests/test_certified_clients.py:26: in setup_auth
    assert response.status_code == 200, f"Login failed: {response.text}"
E   AssertionError: Login failed: 404 page not found
E     
E   assert 404 == 200
E    +  where 404 = &lt;Response [404]&gt;.status_code</error></testcase><testcase classname="backend.tests.test_certified_clients.TestCertifiedClients" name="test_09_get_stats_overview" time="0.479"><error message="failed on setup with &quot;AssertionError: Login failed: 404 page not found&#10;  &#10;assert 404 == 200&#10; +  where 404 = &lt;Response [404]&gt;.status_code&quot;">backend/tests/test_certified_clients.py:26: in setup_auth
    assert response.status_code == 200, f"Login failed: {response.text}"
E   AssertionError: Login failed: 404 page not found
E     
E   assert 404 == 200
E    +  where 404 = &lt;Response [404]&gt;.status_code</error></testcase><testcase classname="backend.tests.test_certified_clients.TestCertifiedClients" name="test_10_export_excel" time="0.377"><error message="failed on setup with &quot;AssertionError: Login failed: 404 page not found&#10;  &#10;assert 404 == 200&#10; +  where 404 = &lt;Response [404]&gt;.status_code&quot;">backend/tests/test_certified_clients.py:26: in setup_auth
    assert response.status_code == 200, f"Login failed: {response.text}"
E   AssertionError: Login failed: 404 page not found
E     
E   assert 404 == 200
E    +  where 404 = &lt;Response [404]&gt;.status_code</error></testcase><testcase classname="backend.tests.test_certified_clients.TestCertifiedClients" name="test_11_generate_pdf" time="0.269"><error message="failed on setup with &quot;AssertionError: Login failed: 404 page not found&#10;  &#10;assert 404 == 200&#10; +  where 404 = &lt;Response [404]&gt;.status_code&quot;">backend/tests/test_certified_clients.py:26: in setup_auth
    assert response.status_code == 200, f"Login failed: {response.text}"
E   AssertionError: Login failed: 404 page not found
E     
E   assert 404 == 200
E    +  where 404 = &lt;Response [404]&gt;.status_code</error></testcase><testcase classname="backend.tests.test_certified_clients.TestCertifiedClients" name="test_12_pdf_nonexistent_client" time="0.259"><error message="failed on setup with &quot;AssertionError: Login failed: 404 page not found&#10;  &#10;assert 404 == 200&#10; +  where 404 = &lt;Response [404]&gt;.status_code&quot;">backend/tests/test_certified_clients.py:26: in setup_auth
    assert response.status_code == 200, f"Login failed: {response.text}"
E   AssertionError: Login failed: 404 page not found
E     
E   assert 404 == 200
E    +  where 404 = &lt;Response [404]&gt;.status_code</error></testcase><testcase classname="backend.tests.test_certified_clients.TestCertifiedClients" name="test_13_delete_certified_client" time="0.864"><error message="failed on setup with &quot;AssertionError: Login failed: 404 page not found&#10;  &#10;assert 404 == 200&#10; +  where 404 = &lt;Response [404]&gt;.status_code&quot;">backend/tests/test_certified_clients.py:26: in setup_auth
    assert response.status_code == 200, f"Login failed: {response.text}"
E   AssertionError: Login failed: 404 page not found
E     
E   assert 404 == 200
E    +  where 404 = &lt;Response [404]&gt;.status_code</error></testcase><testcase classname="backend.tests.test_certified_clients.TestCertifiedClients" name="test_14_delete_nonexistent_client" time="0.290"><error message="failed on setup with &quot;AssertionError: Login failed: 404 page not found&#10;  &#10;assert 404 == 200&#10; +  where 404 = &lt;Response [404]&gt;.status_code&quot;">backend/tests/test_certified_clients.py:26: in setup_auth
    assert response.status_code == 200, f"Login failed: {response.text}"
E   AssertionError: Login failed: 404 page not found
E     
E   assert 404 == 200
E    +  where 404 = &lt;Response [404]&gt;.status_code</error></testcase><testcase classname="backend.tests.test_certified_clients.TestCertifiedClients" name="test_15_unauthorized_access" time="0.365"><error message="failed on setup with &quot;AssertionError: Login failed: 404 page not found&#10;  &#10;assert 404 == 200&#10; +  where 404 = &lt;Response [404]&gt;.status_code&quot;">backend/tests/test_certified_clients.py:26: in setup_auth
    assert response.status_code == 200, f"Login failed: {response.text}"
E   AssertionError: Login failed: 404 page not found
E     
E   assert 404 == 200
E    +  where 404 = &lt;Response [404]&gt;.status_code</error></testcase><testcase classname="backend.tests.test_certified_clients.TestCertifiedClients" name="test_16_verify_existing_client_abc_manufacturing" time="0.250"><error message="failed on setup with &quot;AssertionError: Login failed: 404 page not found&#10;  &#10;assert 404 == 200&#10; +  where 404 = &lt;Response [404]&gt;.status_code&quot;">backend/tests/test_certified_clients.py:26: in setup_auth
    assert response.status_code == 200, f"Login failed: {response.text}"
E   AssertionError: Login failed: 404 page not found
E     
E   assert 404 == 200
E    +  where 404 = &lt;Response [404]&gt;.status_code</error></testcase></testsuite></testsuites>