<?xml version="1.0" encoding="utf-8"?><testsuites name="pytest tests"><testsuite name="pytest" errors="0" failures="0" skipped="0" tests="19" time="18.504" timestamp="2026-02-17T20:56:01.504534+00:00" hostname="agent-env-72f8b23c-469b-472d-afd1-8d0ef39bd101"><testcase classname="tests.test_customer_feedback.TestAuthSetup" name="test_admin_login" time="1.276" /><testcase classname="tests.test_customer_feedback.TestCustomerFeedbackCRUD" name="test_get_feedback_list" time="0.373" /><testcase classname="tests.test_customer_feedback.TestCustomerFeedbackCRUD" name="test_create_feedback_form" time="0.333" /><testcase classname="tests.test_customer_feedback.TestCustomerFeedbackCRUD" name="test_get_single_feedback" time="0.366" /><testcase classname="tests.test_customer_feedback.TestCustomerFeedbackCRUD" name="test_update_feedback" time="0.833" /><testcase classname="tests.test_customer_feedback.TestCustomerFeedbackCRUD" name="test_filter_feedback_by_status" time="0.354" /><testcase classname="tests.test_customer_feedback.TestPublicFeedbackEndpoints" name="test_get_public_feedback_form" time="0.602" /><testcase classname="tests.test_customer_feedback.TestPublicFeedbackEndpoints" name="test_submit_public_feedback_and_verify_score" time="0.737" /><testcase classname="tests.test_customer_feedback.TestPublicFeedbackEndpoints" name="test_duplicate_submission_blocked" time="1.091" /><testcase classname="tests.test_customer_feedback.TestPublicFeedbackEndpoints" name="test_invalid_access_token" time="0.363" /><testcase classname="tests.test_customer_feedback.TestScoreCalculation" name="test_excellent_score" time="0.743" /><testcase classname="tests.test_customer_feedback.TestScoreCalculation" name="test_good_score" time="0.599" /><testcase classname="tests.test_customer_feedback.TestScoreCalculation" name="test_average_score" time="0.693" /><testcase classname="tests.test_customer_feedback.TestScoreCalculation" name="test_unsatisfactory_score" time="0.998" /><testcase classname="tests.test_customer_feedback.TestScoreCalculation" name="test_na_ratings_excluded" time="0.791" /><testcase classname="tests.test_customer_feedback.TestReviewWorkflow" name="test_mark_as_reviewed" time="1.401" /><testcase classname="tests.test_customer_feedback.TestPDFGeneration" name="test_generate_pdf" time="1.498" /><testcase classname="tests.test_customer_feedback.TestDeleteFeedback" name="test_delete_feedback" time="0.867" /><testcase classname="tests.test_customer_feedback.TestCleanup" name="test_cleanup_test_data" time="3.796" /></testsuite></testsuites>