<?xml version="1.0" encoding="utf-8"?><testsuites name="pytest tests"><testsuite name="pytest" errors="0" failures="0" skipped="0" tests="9" time="2.356" timestamp="2026-02-17T22:18:00.869435+00:00" hostname="agent-env-461aa8e2-cdea-49cc-a574-9f55511d7e98"><testcase classname="backend.tests.test_customer_portal.TestRFQEndpoint" name="test_rfq_submission_success" time="0.345" /><testcase classname="backend.tests.test_customer_portal.TestRFQEndpoint" name="test_rfq_submission_minimal_data" time="0.199" /><testcase classname="backend.tests.test_customer_portal.TestRFQEndpoint" name="test_rfq_submission_missing_required_field" time="0.259" /><testcase classname="backend.tests.test_customer_portal.TestRFQEndpoint" name="test_rfq_with_all_five_standards" time="0.237" /><testcase classname="backend.tests.test_customer_portal.TestContactEndpoint" name="test_contact_form_success" time="0.242" /><testcase classname="backend.tests.test_customer_portal.TestContactEndpoint" name="test_contact_form_arabic_content" time="0.275" /><testcase classname="backend.tests.test_customer_portal.TestContactEndpoint" name="test_contact_form_missing_required_field" time="0.184" /><testcase classname="backend.tests.test_customer_portal.TestTrackingEndpoint" name="test_track_nonexistent_order" time="0.190" /><testcase classname="backend.tests.test_customer_portal.TestHealthCheck" name="test_api_health" time="0.186" /></testsuite></testsuites>