<?xml version="1.0" encoding="utf-8"?><testsuites name="pytest tests"><testsuite name="pytest" errors="0" failures="0" skipped="0" tests="10" time="4.894" timestamp="2026-02-18T11:09:04.499952+00:00" hostname="agent-env-af497e56-935c-4264-b9b5-d581154e684f"><testcase classname="backend.tests.test_dashboard_widgets.TestDashboardStatsAPI" name="test_dashboard_stats_returns_200" time="0.729" /><testcase classname="backend.tests.test_dashboard_widgets.TestDashboardStatsAPI" name="test_dashboard_stats_has_certificates_section" time="0.523" /><testcase classname="backend.tests.test_dashboard_widgets.TestDashboardStatsAPI" name="test_dashboard_stats_has_revenue_section" time="0.535" /><testcase classname="backend.tests.test_dashboard_widgets.TestDashboardStatsAPI" name="test_dashboard_stats_has_auditor_workload" time="0.557" /><testcase classname="backend.tests.test_dashboard_widgets.TestDashboardStatsAPI" name="test_dashboard_stats_has_today_activity" time="0.518" /><testcase classname="backend.tests.test_dashboard_widgets.TestDashboardStatsAPI" name="test_dashboard_stats_has_forms_and_proposals" time="0.536" /><testcase classname="backend.tests.test_dashboard_widgets.TestQuickActionsAPI" name="test_quick_actions_returns_200" time="0.505" /><testcase classname="backend.tests.test_dashboard_widgets.TestQuickActionsAPI" name="test_quick_actions_has_required_counts" time="0.507" /><testcase classname="backend.tests.test_dashboard_widgets.TestDashboardUnauthorized" name="test_stats_requires_auth" time="0.118" /><testcase classname="backend.tests.test_dashboard_widgets.TestDashboardUnauthorized" name="test_quick_actions_requires_auth" time="0.119" /></testsuite></testsuites>