<?xml version="1.0" encoding="utf-8"?><testsuites name="pytest tests"><testsuite name="pytest" errors="0" failures="0" skipped="0" tests="15" time="7.916" timestamp="2026-02-14T10:59:04.925530+00:00" hostname="agent-env-0633c857-3a56-4f10-9004-bd9f999efe85"><testcase classname="tests.test_enhanced_reports_and_modification.TestAuth" name="test_admin_login_success" time="0.522" /><testcase classname="tests.test_enhanced_reports_and_modification.TestEnhancedReports" name="test_filtered_reports_endpoint_no_filters" time="0.668" /><testcase classname="tests.test_enhanced_reports_and_modification.TestEnhancedReports" name="test_filtered_reports_with_status_filter" time="0.672" /><testcase classname="tests.test_enhanced_reports_and_modification.TestEnhancedReports" name="test_filtered_reports_with_standard_filter" time="0.685" /><testcase classname="tests.test_enhanced_reports_and_modification.TestEnhancedReports" name="test_filtered_reports_with_date_range" time="0.806" /><testcase classname="tests.test_enhanced_reports_and_modification.TestEnhancedReports" name="test_filtered_reports_with_multiple_filters" time="0.656" /><testcase classname="tests.test_enhanced_reports_and_modification.TestEnhancedReports" name="test_filtered_reports_unauthorized" time="0.128" /><testcase classname="tests.test_enhanced_reports_and_modification.TestEnhancedReports" name="test_filtered_reports_standards_breakdown" time="0.835" /><testcase classname="tests.test_enhanced_reports_and_modification.TestModificationRequest" name="test_get_pending_proposal" time="0.237" /><testcase classname="tests.test_enhanced_reports_and_modification.TestModificationRequest" name="test_get_modification_requested_proposal" time="0.198" /><testcase classname="tests.test_enhanced_reports_and_modification.TestModificationRequest" name="test_request_modification_endpoint_exists" time="0.164" /><testcase classname="tests.test_enhanced_reports_and_modification.TestModificationRequest" name="test_request_modification_on_already_responded" time="0.146" /><testcase classname="tests.test_enhanced_reports_and_modification.TestBasicReportsEndpoints" name="test_submissions_report_endpoint" time="0.721" /><testcase classname="tests.test_enhanced_reports_and_modification.TestBasicReportsEndpoints" name="test_revenue_report_endpoint" time="0.642" /><testcase classname="tests.test_enhanced_reports_and_modification.TestNotifications" name="test_get_notifications" time="0.684" /></testsuite></testsuites>