<?xml version="1.0" encoding="utf-8"?><testsuites name="pytest tests"><testsuite name="pytest" errors="0" failures="2" skipped="0" tests="15" time="10.157" timestamp="2026-02-14T10:58:26.397250+00:00" hostname="agent-env-0633c857-3a56-4f10-9004-bd9f999efe85"><testcase classname="tests.test_enhanced_reports_and_modification.TestAuth" name="test_admin_login_success" time="0.702" /><testcase classname="tests.test_enhanced_reports_and_modification.TestEnhancedReports" name="test_filtered_reports_endpoint_no_filters" time="0.701" /><testcase classname="tests.test_enhanced_reports_and_modification.TestEnhancedReports" name="test_filtered_reports_with_status_filter" time="0.953" /><testcase classname="tests.test_enhanced_reports_and_modification.TestEnhancedReports" name="test_filtered_reports_with_standard_filter" time="1.032"><failure message="assert 520 == 200&#10; +  where 520 = &lt;Response [520]&gt;.status_code">tests/test_enhanced_reports_and_modification.py:123: in test_filtered_reports_with_standard_filter
    assert response.status_code == 200
E   assert 520 == 200
E    +  where 520 = &lt;Response [520]&gt;.status_code</failure></testcase><testcase classname="tests.test_enhanced_reports_and_modification.TestEnhancedReports" name="test_filtered_reports_with_date_range" time="0.801" /><testcase classname="tests.test_enhanced_reports_and_modification.TestEnhancedReports" name="test_filtered_reports_with_multiple_filters" time="0.663"><failure message="assert 520 == 200&#10; +  where 520 = &lt;Response [520]&gt;.status_code">tests/test_enhanced_reports_and_modification.py:163: in test_filtered_reports_with_multiple_filters
    assert response.status_code == 200
E   assert 520 == 200
E    +  where 520 = &lt;Response [520]&gt;.status_code</failure></testcase><testcase classname="tests.test_enhanced_reports_and_modification.TestEnhancedReports" name="test_filtered_reports_unauthorized" time="0.189" /><testcase classname="tests.test_enhanced_reports_and_modification.TestEnhancedReports" name="test_filtered_reports_standards_breakdown" time="0.636" /><testcase classname="tests.test_enhanced_reports_and_modification.TestModificationRequest" name="test_get_pending_proposal" time="0.155" /><testcase classname="tests.test_enhanced_reports_and_modification.TestModificationRequest" name="test_get_modification_requested_proposal" time="0.125" /><testcase classname="tests.test_enhanced_reports_and_modification.TestModificationRequest" name="test_request_modification_endpoint_exists" time="1.557" /><testcase classname="tests.test_enhanced_reports_and_modification.TestModificationRequest" name="test_request_modification_on_already_responded" time="0.147" /><testcase classname="tests.test_enhanced_reports_and_modification.TestBasicReportsEndpoints" name="test_submissions_report_endpoint" time="0.714" /><testcase classname="tests.test_enhanced_reports_and_modification.TestBasicReportsEndpoints" name="test_revenue_report_endpoint" time="0.673" /><testcase classname="tests.test_enhanced_reports_and_modification.TestNotifications" name="test_get_notifications" time="0.637" /></testsuite></testsuites>