<?xml version="1.0" encoding="utf-8"?><testsuites name="pytest tests"><testsuite name="pytest" errors="0" failures="0" skipped="0" tests="9" time="21.009" timestamp="2026-02-17T10:50:11.491182+00:00" hostname="agent-env-4239d2b5-0644-4176-89d5-29635611fd9e"><testcase classname="tests.test_grant_agreement_pdf.TestCertificationAgreementsEndpoint" name="test_get_certification_agreements_returns_list" time="1.064" /><testcase classname="tests.test_grant_agreement_pdf.TestCertificationAgreementsEndpoint" name="test_get_certification_agreements_filter_by_status" time="0.184" /><testcase classname="tests.test_grant_agreement_pdf.TestGrantAgreementPDFGeneration" name="test_pdf_endpoint_requires_auth" time="0.305" /><testcase classname="tests.test_grant_agreement_pdf.TestGrantAgreementPDFGeneration" name="test_pdf_endpoint_returns_404_for_invalid_id" time="0.074" /><testcase classname="tests.test_grant_agreement_pdf.TestGrantAgreementPDFGeneration" name="test_pdf_generation_returns_valid_pdf" time="4.459" /><testcase classname="tests.test_grant_agreement_pdf.TestGrantAgreementPDFGeneration" name="test_pdf_content_has_expected_size" time="3.939" /><testcase classname="tests.test_grant_agreement_pdf.TestMultipleAgreementsPDF" name="test_pdf_for_iso9001_iso14001_standards" time="3.644" /><testcase classname="tests.test_grant_agreement_pdf.TestMultipleAgreementsPDF" name="test_pdf_for_arabic_organization" time="3.341" /><testcase classname="tests.test_grant_agreement_pdf.TestPDFSaveAndVerify" name="test_save_pdf_to_disk" time="3.732" /></testsuite></testsuites>