<?xml version="1.0" encoding="utf-8"?><testsuites name="pytest tests"><testsuite name="pytest" errors="0" failures="0" skipped="0" tests="9" time="18.423" timestamp="2026-02-14T10:30:42.079142+00:00" hostname="agent-env-14fe5b65-25ef-4e66-bbc5-122e0f8e66d0"><testcase classname="backend.tests.test_new_features.TestAuth" name="test_login_success" time="1.458" /><testcase classname="backend.tests.test_new_features.TestContractStatistics" name="test_proposals_endpoint_returns_data" time="1.204" /><testcase classname="backend.tests.test_new_features.TestContractStatistics" name="test_statistics_calculation" time="1.131" /><testcase classname="backend.tests.test_new_features.TestTemplatePackagesUpdate" name="test_update_package_success" time="2.368" /><testcase classname="backend.tests.test_new_features.TestTemplatePackagesUpdate" name="test_update_package_unauthorized" time="3.495" /><testcase classname="backend.tests.test_new_features.TestProposalTemplatesUpdate" name="test_update_template_success" time="2.579" /><testcase classname="backend.tests.test_new_features.TestProposalTemplatesUpdate" name="test_update_template_unauthorized" time="1.901" /><testcase classname="backend.tests.test_new_features.TestApplicationForms" name="test_get_pending_forms" time="1.273" /><testcase classname="backend.tests.test_new_features.TestApplicationForms" name="test_public_form_access" time="1.749" /></testsuite></testsuites>