<?xml version="1.0" encoding="utf-8"?><testsuites name="pytest tests"><testsuite name="pytest" errors="0" failures="0" skipped="0" tests="22" time="6.823" timestamp="2026-02-14T15:25:21.808279+00:00" hostname="agent-env-b9c0f2d9-be5e-4fa7-a4c0-75f7604130ec"><testcase classname="tests.test_new_features.TestCustomerPortalTracking" name="test_track_order_by_form_id" time="0.281" /><testcase classname="tests.test_new_features.TestCustomerPortalTracking" name="test_track_order_not_found" time="0.133" /><testcase classname="tests.test_new_features.TestCustomerPortalTracking" name="test_track_order_response_includes_standards" time="0.204" /><testcase classname="tests.test_new_features.TestAuditScheduling" name="test_get_audit_schedules" time="0.637" /><testcase classname="tests.test_new_features.TestAuditScheduling" name="test_create_audit_schedule" time="0.142" /><testcase classname="tests.test_new_features.TestAuditScheduling" name="test_create_and_verify_audit_persistence" time="0.342" /><testcase classname="tests.test_new_features.TestAuditScheduling" name="test_delete_audit_schedule" time="0.425" /><testcase classname="tests.test_new_features.TestContactHistory" name="test_get_contacts" time="0.158" /><testcase classname="tests.test_new_features.TestContactHistory" name="test_create_contact_record" time="0.171" /><testcase classname="tests.test_new_features.TestContactHistory" name="test_create_and_verify_contact_persistence" time="0.268" /><testcase classname="tests.test_new_features.TestContactHistory" name="test_create_contact_meeting_type" time="0.128" /><testcase classname="tests.test_new_features.TestContactHistory" name="test_mark_follow_up_complete" time="0.396" /><testcase classname="tests.test_new_features.TestContactHistory" name="test_delete_contact" time="0.400" /><testcase classname="tests.test_new_features.TestDocumentManagement" name="test_get_documents" time="0.147" /><testcase classname="tests.test_new_features.TestDocumentManagement" name="test_upload_document" time="0.132" /><testcase classname="tests.test_new_features.TestDocumentManagement" name="test_upload_and_verify_document_persistence" time="1.297" /><testcase classname="tests.test_new_features.TestDocumentManagement" name="test_download_document" time="0.295" /><testcase classname="tests.test_new_features.TestDocumentManagement" name="test_delete_document" time="0.362" /><testcase classname="tests.test_new_features.TestRequiredAuth" name="test_audit_schedules_requires_auth" time="0.130" /><testcase classname="tests.test_new_features.TestRequiredAuth" name="test_contacts_requires_auth" time="0.120" /><testcase classname="tests.test_new_features.TestRequiredAuth" name="test_documents_requires_auth" time="0.138" /><testcase classname="tests.test_new_features.TestRequiredAuth" name="test_public_track_no_auth_required" time="0.225" /></testsuite></testsuites>