<?xml version="1.0" encoding="utf-8"?><testsuites name="pytest tests"><testsuite name="pytest" errors="0" failures="0" skipped="0" tests="12" time="5.170" timestamp="2026-02-14T15:41:31.188379+00:00" hostname="agent-env-b9c0f2d9-be5e-4fa7-a4c0-75f7604130ec"><testcase classname="backend.tests.test_iteration15_features.TestGoogleCalendarStatusAPI" name="test_calendar_status_endpoint_returns_200" time="1.345" /><testcase classname="backend.tests.test_iteration15_features.TestGoogleCalendarStatusAPI" name="test_calendar_status_without_auth_returns_401" time="0.491" /><testcase classname="backend.tests.test_iteration15_features.TestBilingualPDFEndpoints" name="test_admin_bilingual_pdf_endpoint_structure" time="0.651" /><testcase classname="backend.tests.test_iteration15_features.TestBilingualPDFEndpoints" name="test_public_bilingual_pdf_endpoint" time="0.340" /><testcase classname="backend.tests.test_iteration15_features.TestBilingualPDFEndpoints" name="test_public_standard_pdf_still_works" time="0.195" /><testcase classname="backend.tests.test_iteration15_features.TestBilingualPDFEndpoints" name="test_bilingual_pdf_invalid_token_returns_404" time="0.226" /><testcase classname="backend.tests.test_iteration15_features.TestDocumentsAPI" name="test_get_documents_endpoint" time="0.237" /><testcase classname="backend.tests.test_iteration15_features.TestDocumentsAPI" name="test_create_document" time="0.139" /><testcase classname="backend.tests.test_iteration15_features.TestDocumentsAPI" name="test_documents_without_auth_returns_401" time="0.203" /><testcase classname="backend.tests.test_iteration15_features.TestAdminDashboardContractButtons" name="test_proposals_endpoint_returns_access_token" time="0.178" /><testcase classname="backend.tests.test_iteration15_features.TestHealthCheck" name="test_api_root" time="0.122" /><testcase classname="backend.tests.test_iteration15_features.TestHealthCheck" name="test_admin_login" time="0.785" /></testsuite></testsuites>