<?xml version="1.0" encoding="utf-8"?><testsuites name="pytest tests"><testsuite name="pytest" errors="0" failures="0" skipped="2" tests="25" time="20.860" timestamp="2026-02-16T17:25:18.563504+00:00" hostname="agent-env-a4d01af2-a132-45c8-a277-f81f39d7ee09"><testcase classname="tests.test_certificates_alerts_analytics.TestCertificatesAPI" name="test_get_certificates_list" time="7.536" /><testcase classname="tests.test_certificates_alerts_analytics.TestCertificatesAPI" name="test_get_certificates_stats" time="0.297" /><testcase classname="tests.test_certificates_alerts_analytics.TestCertificatesAPI" name="test_get_certificates_filtered_by_status" time="0.215" /><testcase classname="tests.test_certificates_alerts_analytics.TestCertificatesAPI" name="test_certificates_requires_auth" time="0.212" /><testcase classname="tests.test_certificates_alerts_analytics.TestCertificatesAPI" name="test_certificates_stats_requires_auth" time="0.171" /><testcase classname="tests.test_certificates_alerts_analytics.TestCertificateCreateAndManage" name="test_create_certificate_requires_valid_contract" time="1.950" /><testcase classname="tests.test_certificates_alerts_analytics.TestCertificateCreateAndManage" name="test_create_certificate_requires_auth" time="0.221" /><testcase classname="tests.test_certificates_alerts_analytics.TestCertificateCreateAndManage" name="test_get_nonexistent_certificate" time="0.203" /><testcase classname="tests.test_certificates_alerts_analytics.TestCertificateCreateAndManage" name="test_update_status_nonexistent_certificate" time="0.254" /><testcase classname="tests.test_certificates_alerts_analytics.TestCertificateCreateAndManage" name="test_update_status_invalid_status" time="0.271"><skipped type="pytest.skip" message="No certificates available to test status update">/app/backend/tests/test_certificates_alerts_analytics.py:133: No certificates available to test status update</skipped></testcase><testcase classname="tests.test_certificates_alerts_analytics.TestPublicCertificateVerification" name="test_verify_certificate_nonexistent" time="0.295" /><testcase classname="tests.test_certificates_alerts_analytics.TestPublicCertificateVerification" name="test_verify_certificate_no_auth_required" time="1.180" /><testcase classname="tests.test_certificates_alerts_analytics.TestExpirationAlertsAPI" name="test_get_expiring_alerts_default" time="0.986" /><testcase classname="tests.test_certificates_alerts_analytics.TestExpirationAlertsAPI" name="test_get_expiring_alerts_30_days" time="0.261" /><testcase classname="tests.test_certificates_alerts_analytics.TestExpirationAlertsAPI" name="test_get_expiring_alerts_180_days" time="0.190" /><testcase classname="tests.test_certificates_alerts_analytics.TestExpirationAlertsAPI" name="test_alerts_requires_auth" time="0.171" /><testcase classname="tests.test_certificates_alerts_analytics.TestExpirationAlertsAPI" name="test_alerts_data_structure" time="0.182" /><testcase classname="tests.test_certificates_alerts_analytics.TestAnalyticsDashboardAPI" name="test_get_dashboard_analytics" time="0.941" /><testcase classname="tests.test_certificates_alerts_analytics.TestAnalyticsDashboardAPI" name="test_analytics_overview_fields" time="0.341" /><testcase classname="tests.test_certificates_alerts_analytics.TestAnalyticsDashboardAPI" name="test_analytics_conversion_rates" time="0.240" /><testcase classname="tests.test_certificates_alerts_analytics.TestAnalyticsDashboardAPI" name="test_analytics_revenue" time="0.269" /><testcase classname="tests.test_certificates_alerts_analytics.TestAnalyticsDashboardAPI" name="test_analytics_monthly_trends" time="0.199" /><testcase classname="tests.test_certificates_alerts_analytics.TestAnalyticsDashboardAPI" name="test_analytics_audits" time="1.626" /><testcase classname="tests.test_certificates_alerts_analytics.TestAnalyticsDashboardAPI" name="test_analytics_requires_auth" time="0.732" /><testcase classname="tests.test_certificates_alerts_analytics.TestCertificationAgreements" name="test_get_certification_agreements" time="1.393"><skipped type="pytest.skip" message="Certification agreements endpoint not available">/app/backend/tests/test_certificates_alerts_analytics.py:368: Certification agreements endpoint not available</skipped></testcase></testsuite></testsuites>