<?xml version="1.0" encoding="utf-8"?><testsuites name="pytest tests"><testsuite name="pytest" errors="0" failures="0" skipped="0" tests="11" time="9.021" timestamp="2026-02-16T08:37:28.146963+00:00" hostname="agent-env-9e4705d2-68c3-4621-a325-cf5374d9b189"><testcase classname="backend.tests.test_bilingual_pdf_visual.TestFormBilingualPDF" name="test_form_bilingual_pdf_endpoint_returns_200" time="1.229" /><testcase classname="backend.tests.test_bilingual_pdf_visual.TestFormBilingualPDF" name="test_form_bilingual_pdf_content_type" time="0.586" /><testcase classname="backend.tests.test_bilingual_pdf_visual.TestFormBilingualPDF" name="test_form_bilingual_pdf_has_content" time="0.723" /><testcase classname="backend.tests.test_bilingual_pdf_visual.TestFormBilingualPDF" name="test_form_pdf_contains_valid_pdf_signature" time="0.559" /><testcase classname="backend.tests.test_bilingual_pdf_visual.TestProposalBilingualPDF" name="test_proposal_bilingual_pdf_endpoint_returns_200" time="1.390" /><testcase classname="backend.tests.test_bilingual_pdf_visual.TestProposalBilingualPDF" name="test_proposal_bilingual_pdf_content_type" time="1.037" /><testcase classname="backend.tests.test_bilingual_pdf_visual.TestProposalBilingualPDF" name="test_proposal_bilingual_pdf_has_content" time="1.041" /><testcase classname="backend.tests.test_bilingual_pdf_visual.TestProposalBilingualPDF" name="test_proposal_pdf_contains_valid_pdf_signature" time="0.653" /><testcase classname="backend.tests.test_bilingual_pdf_visual.TestProposalBilingualPDF" name="test_proposal_pdf_includes_embedded_font" time="1.564" /><testcase classname="backend.tests.test_bilingual_pdf_visual.TestPDFCodeVerification" name="test_draw_field_x_coordinates_in_proposal_pdf" time="0.001" /><testcase classname="backend.tests.test_bilingual_pdf_visual.TestPDFCodeVerification" name="test_seal_y_position_in_proposal_pdf" time="0.001" /></testsuite></testsuites>