<?xml version="1.0" encoding="utf-8"?><testsuites name="pytest tests"><testsuite name="pytest" errors="0" failures="0" skipped="0" tests="21" time="5.703" timestamp="2026-02-15T06:51:58.571796+00:00" hostname="agent-env-995ac453-e4c6-4965-9bc5-b2819ce23ee9"><testcase classname="backend.tests.test_iteration16_full_workflow.TestBackendHealth" name="test_api_root" time="0.307" /><testcase classname="backend.tests.test_iteration16_full_workflow.TestAdminAuth" name="test_admin_login_success" time="0.541" /><testcase classname="backend.tests.test_iteration16_full_workflow.TestAdminAuth" name="test_admin_login_invalid_password" time="0.541" /><testcase classname="backend.tests.test_iteration16_full_workflow.TestAdminAuth" name="test_auth_me_endpoint" time="0.135" /><testcase classname="backend.tests.test_iteration16_full_workflow.TestAdminDashboard" name="test_get_application_forms" time="0.144" /><testcase classname="backend.tests.test_iteration16_full_workflow.TestAdminDashboard" name="test_get_proposals" time="0.139" /><testcase classname="backend.tests.test_iteration16_full_workflow.TestAdminDashboard" name="test_get_contracts" time="0.133" /><testcase classname="backend.tests.test_iteration16_full_workflow.TestFullWorkflow" name="test_01_admin_creates_application_form" time="0.139" /><testcase classname="backend.tests.test_iteration16_full_workflow.TestFullWorkflow" name="test_02_public_form_accessible" time="0.167" /><testcase classname="backend.tests.test_iteration16_full_workflow.TestFullWorkflow" name="test_03_client_submits_form" time="0.148" /><testcase classname="backend.tests.test_iteration16_full_workflow.TestFullWorkflow" name="test_04_admin_sees_submitted_form" time="0.133" /><testcase classname="backend.tests.test_iteration16_full_workflow.TestFullWorkflow" name="test_05_admin_creates_proposal" time="0.151" /><testcase classname="backend.tests.test_iteration16_full_workflow.TestFullWorkflow" name="test_06_public_proposal_accessible" time="0.138" /><testcase classname="backend.tests.test_iteration16_full_workflow.TestFullWorkflow" name="test_07_client_accepts_proposal" time="1.159" /><testcase classname="backend.tests.test_iteration16_full_workflow.TestFullWorkflow" name="test_08_agreement_page_accessible" time="0.277" /><testcase classname="backend.tests.test_iteration16_full_workflow.TestFullWorkflow" name="test_09_client_submits_agreement" time="0.155" /><testcase classname="backend.tests.test_iteration16_full_workflow.TestFullWorkflow" name="test_10_admin_can_download_pdf" time="0.216" /><testcase classname="backend.tests.test_iteration16_full_workflow.TestFullWorkflow" name="test_11_admin_can_download_bilingual_pdf" time="0.295" /><testcase classname="backend.tests.test_iteration16_full_workflow.TestFullWorkflow" name="test_12_public_can_download_pdf" time="0.161" /><testcase classname="backend.tests.test_iteration16_full_workflow.TestFullWorkflow" name="test_13_public_can_download_bilingual_pdf" time="0.343" /><testcase classname="backend.tests.test_iteration16_full_workflow.TestCleanup" name="test_verify_workflow_complete" time="0.001" /></testsuite></testsuites>