<?xml version="1.0" encoding="utf-8"?><testsuites name="pytest tests"><testsuite name="pytest" errors="0" failures="0" skipped="0" tests="14" time="24.204" timestamp="2026-02-17T15:57:00.169204+00:00" hostname="agent-env-02a7ca19-b068-4f0b-af22-ff26f9c0225d"><testcase classname="backend.tests.test_job_orders.TestJobOrdersAPI" name="test_list_job_orders" time="1.270" /><testcase classname="backend.tests.test_job_orders.TestJobOrdersAPI" name="test_get_existing_job_order" time="0.945" /><testcase classname="backend.tests.test_job_orders.TestJobOrdersAPI" name="test_get_job_order_pdf" time="1.275" /><testcase classname="backend.tests.test_job_orders.TestJobOrdersAPI" name="test_send_to_auditor" time="0.982" /><testcase classname="backend.tests.test_job_orders.TestJobOrdersAPI" name="test_public_job_order_access" time="1.042" /><testcase classname="backend.tests.test_job_orders.TestJobOrdersAPI" name="test_public_job_order_invalid_token" time="1.465" /><testcase classname="backend.tests.test_job_orders.TestJobOrdersAPI" name="test_create_job_order" time="2.317" /><testcase classname="backend.tests.test_job_orders.TestJobOrdersAPI" name="test_approve_job_order_workflow" time="2.947" /><testcase classname="backend.tests.test_job_orders.TestJobOrdersAPI" name="test_auditor_confirm_workflow" time="2.684" /><testcase classname="backend.tests.test_job_orders.TestJobOrdersAPI" name="test_auditor_decline_workflow" time="3.282" /><testcase classname="backend.tests.test_job_orders.TestJobOrdersAPI" name="test_delete_job_order" time="2.026" /><testcase classname="backend.tests.test_job_orders.TestJobOrdersAPI" name="test_get_nonexistent_job_order" time="0.828" /><testcase classname="backend.tests.test_job_orders.TestJobOrdersAPI" name="test_create_job_order_invalid_auditor" time="1.467" /><testcase classname="backend.tests.test_job_orders.TestJobOrdersAPI" name="test_create_job_order_invalid_program" time="1.192" /></testsuite></testsuites>