<?xml version="1.0" encoding="utf-8"?><testsuites name="pytest tests"><testsuite name="pytest" errors="0" failures="0" skipped="0" tests="16" time="14.891" timestamp="2026-02-17T20:17:06.627271+00:00" hostname="agent-env-72f8b23c-469b-472d-afd1-8d0ef39bd101"><testcase classname="backend.tests.test_modular_routes.TestAuthRoutes" name="test_login_success" time="0.988" /><testcase classname="backend.tests.test_modular_routes.TestAuthRoutes" name="test_login_invalid_credentials" time="0.412" /><testcase classname="backend.tests.test_modular_routes.TestAuthRoutes" name="test_get_current_user" time="1.037" /><testcase classname="backend.tests.test_modular_routes.TestAuthRoutes" name="test_get_me_without_token" time="0.267" /><testcase classname="backend.tests.test_modular_routes.TestNotificationRoutes" name="test_get_notifications" time="1.293" /><testcase classname="backend.tests.test_modular_routes.TestNotificationRoutes" name="test_get_notifications_unauthorized" time="0.415" /><testcase classname="backend.tests.test_modular_routes.TestSiteRoutes" name="test_get_sites" time="1.503" /><testcase classname="backend.tests.test_modular_routes.TestSiteRoutes" name="test_create_site_and_verify" time="1.948" /><testcase classname="backend.tests.test_modular_routes.TestSiteRoutes" name="test_get_sites_unauthorized" time="0.297" /><testcase classname="backend.tests.test_modular_routes.TestContactRoutes" name="test_get_contacts" time="1.052" /><testcase classname="backend.tests.test_modular_routes.TestContactRoutes" name="test_get_contacts_unauthorized" time="0.266" /><testcase classname="backend.tests.test_modular_routes.TestDocumentRoutes" name="test_get_documents" time="1.007" /><testcase classname="backend.tests.test_modular_routes.TestDocumentRoutes" name="test_get_documents_unauthorized" time="0.352" /><testcase classname="backend.tests.test_modular_routes.TestMonolithRoutes" name="test_get_auditors" time="1.023" /><testcase classname="backend.tests.test_modular_routes.TestMonolithRoutes" name="test_get_certificates" time="1.052" /><testcase classname="backend.tests.test_modular_routes.TestMonolithRoutes" name="test_get_forms" time="1.459" /></testsuite></testsuites>