<?xml version="1.0" encoding="utf-8"?><testsuites name="pytest tests"><testsuite name="pytest" errors="0" failures="0" skipped="0" tests="19" time="5.023" timestamp="2026-02-14T08:45:33.847421+00:00" hostname="agent-env-78d00b23-b315-45d4-aa93-cf3f471a27b1"><testcase classname="backend.tests.test_new_features.TestNotifications" name="test_get_notifications_success" time="0.863" /><testcase classname="backend.tests.test_new_features.TestNotifications" name="test_get_notifications_with_limit" time="0.145" /><testcase classname="backend.tests.test_new_features.TestNotifications" name="test_get_notifications_unread_only" time="0.184" /><testcase classname="backend.tests.test_new_features.TestNotifications" name="test_get_notifications_unauthorized" time="0.169" /><testcase classname="backend.tests.test_new_features.TestNotifications" name="test_mark_notification_read_invalid_id" time="0.292" /><testcase classname="backend.tests.test_new_features.TestNotifications" name="test_mark_all_notifications_read" time="0.298" /><testcase classname="backend.tests.test_new_features.TestReports" name="test_get_submission_statistics" time="0.161" /><testcase classname="backend.tests.test_new_features.TestReports" name="test_get_revenue_statistics" time="0.147" /><testcase classname="backend.tests.test_new_features.TestReports" name="test_reports_unauthorized" time="0.324" /><testcase classname="backend.tests.test_new_features.TestTemplates" name="test_get_certification_packages" time="0.647" /><testcase classname="backend.tests.test_new_features.TestTemplates" name="test_get_proposal_templates" time="0.134" /><testcase classname="backend.tests.test_new_features.TestTemplates" name="test_create_certification_package" time="0.145" /><testcase classname="backend.tests.test_new_features.TestTemplates" name="test_create_proposal_template" time="0.151" /><testcase classname="backend.tests.test_new_features.TestTemplates" name="test_templates_unauthorized" time="0.279" /><testcase classname="backend.tests.test_new_features.TestPDFGeneration" name="test_public_contract_pdf" time="0.170" /><testcase classname="backend.tests.test_new_features.TestPDFGeneration" name="test_public_contract_pdf_invalid_token" time="0.137" /><testcase classname="backend.tests.test_new_features.TestPDFGeneration" name="test_admin_contract_pdf" time="0.139" /><testcase classname="backend.tests.test_new_features.TestPDFGeneration" name="test_admin_contract_pdf_unauthorized" time="0.152" /><testcase classname="backend.tests.test_new_features.TestNotificationIntegration" name="test_get_notifications_contains_expected_types" time="0.143" /></testsuite></testsuites>