<?xml version="1.0" encoding="utf-8"?><testsuites name="pytest tests"><testsuite name="pytest" errors="0" failures="0" skipped="0" tests="22" time="8.877" timestamp="2026-02-14T12:38:02.492071+00:00" hostname="agent-env-f5a68a58-63cf-4b62-8d68-060afe69e25c"><testcase classname="backend.tests.test_new_features.TestCustomerPortalTracking" name="test_track_with_invalid_id" time="0.177" /><testcase classname="backend.tests.test_new_features.TestCustomerPortalTracking" name="test_track_with_valid_form_id" time="0.831" /><testcase classname="backend.tests.test_new_features.TestReportsExport" name="test_export_excel" time="0.668" /><testcase classname="backend.tests.test_new_features.TestReportsExport" name="test_export_pdf" time="0.199" /><testcase classname="backend.tests.test_new_features.TestReportsExport" name="test_export_with_filters" time="0.177" /><testcase classname="backend.tests.test_new_features.TestReportsExport" name="test_export_without_auth_fails" time="0.122" /><testcase classname="backend.tests.test_new_features.TestSitesManagement" name="test_get_sites" time="0.717" /><testcase classname="backend.tests.test_new_features.TestSitesManagement" name="test_create_site" time="0.154" /><testcase classname="backend.tests.test_new_features.TestSitesManagement" name="test_delete_site" time="0.288" /><testcase classname="backend.tests.test_new_features.TestAuditScheduling" name="test_get_audit_schedules" time="0.716" /><testcase classname="backend.tests.test_new_features.TestAuditScheduling" name="test_create_audit_schedule" time="0.248" /><testcase classname="backend.tests.test_new_features.TestAuditScheduling" name="test_delete_audit_schedule" time="0.473" /><testcase classname="backend.tests.test_new_features.TestContactHistory" name="test_get_contacts" time="0.677" /><testcase classname="backend.tests.test_new_features.TestContactHistory" name="test_create_contact" time="0.281" /><testcase classname="backend.tests.test_new_features.TestContactHistory" name="test_contact_follow_up" time="0.273" /><testcase classname="backend.tests.test_new_features.TestContactHistory" name="test_delete_contact" time="0.201" /><testcase classname="backend.tests.test_new_features.TestDocumentManagement" name="test_get_documents" time="1.026" /><testcase classname="backend.tests.test_new_features.TestDocumentManagement" name="test_upload_document" time="0.155" /><testcase classname="backend.tests.test_new_features.TestDocumentManagement" name="test_get_document_by_id" time="0.271" /><testcase classname="backend.tests.test_new_features.TestDocumentManagement" name="test_delete_document" time="0.277" /><testcase classname="backend.tests.test_new_features.TestReportsAPI" name="test_get_submission_statistics" time="0.624" /><testcase classname="backend.tests.test_new_features.TestReportsAPI" name="test_get_revenue_statistics" time="0.148" /></testsuite></testsuites>