<?xml version="1.0" encoding="utf-8"?><testsuites name="pytest tests"><testsuite name="pytest" errors="0" failures="0" skipped="2" tests="18" time="5.008" timestamp="2026-02-17T18:36:51.638486+00:00" hostname="agent-env-955093f9-e813-4abf-bd97-3846b8357c00"><testcase classname="backend.tests.test_opening_closing_meetings.TestOpeningClosingMeetings" name="test_01_list_meetings" time="1.049" /><testcase classname="backend.tests.test_opening_closing_meetings.TestOpeningClosingMeetings" name="test_02_get_stage1_plans" time="0.150" /><testcase classname="backend.tests.test_opening_closing_meetings.TestOpeningClosingMeetings" name="test_03_get_specific_meeting" time="0.239" /><testcase classname="backend.tests.test_opening_closing_meetings.TestOpeningClosingMeetings" name="test_04_create_meeting_form" time="0.001"><skipped type="pytest.skip" message="No available Stage 1 plan to create meeting from">/app/backend/tests/test_opening_closing_meetings.py:112: No available Stage 1 plan to create meeting from</skipped></testcase><testcase classname="backend.tests.test_opening_closing_meetings.TestOpeningClosingMeetings" name="test_05_create_meeting_without_source_fails" time="0.176" /><testcase classname="backend.tests.test_opening_closing_meetings.TestOpeningClosingMeetings" name="test_06_send_to_client" time="0.142" /><testcase classname="backend.tests.test_opening_closing_meetings.TestOpeningClosingMeetings" name="test_07_generate_pdf" time="0.415" /><testcase classname="backend.tests.test_opening_closing_meetings.TestOpeningClosingMeetings" name="test_08_public_access_not_sent_yet" time="0.001"><skipped type="pytest.skip" message="No Stage 1 plan available for testing">/app/backend/tests/test_opening_closing_meetings.py:195: No Stage 1 plan available for testing</skipped></testcase><testcase classname="backend.tests.test_opening_closing_meetings.TestOpeningClosingMeetings" name="test_09_public_form_access" time="0.169" /><testcase classname="backend.tests.test_opening_closing_meetings.TestOpeningClosingMeetings" name="test_10_invalid_access_token" time="0.192" /><testcase classname="backend.tests.test_opening_closing_meetings.TestOpeningClosingMeetings" name="test_11_client_submit_form" time="0.199" /><testcase classname="backend.tests.test_opening_closing_meetings.TestOpeningClosingMeetings" name="test_12_verify_submission" time="0.147" /><testcase classname="backend.tests.test_opening_closing_meetings.TestOpeningClosingMeetings" name="test_13_pdf_after_submission" time="0.465" /><testcase classname="backend.tests.test_opening_closing_meetings.TestOpeningClosingMeetings" name="test_14_list_shows_updated_status" time="0.164" /><testcase classname="backend.tests.test_opening_closing_meetings.TestOpeningClosingMeetings" name="test_15_unauthorized_access" time="0.376" /><testcase classname="backend.tests.test_opening_closing_meetings.TestOpeningClosingMeetingsAdditional" name="test_get_nonexistent_meeting" time="0.410" /><testcase classname="backend.tests.test_opening_closing_meetings.TestOpeningClosingMeetingsAdditional" name="test_delete_nonexistent_meeting" time="0.185" /><testcase classname="backend.tests.test_opening_closing_meetings.TestOpeningClosingMeetingsAdditional" name="test_generate_pdf_nonexistent" time="0.201" /></testsuite></testsuites>