<?xml version="1.0" encoding="utf-8"?><testsuites name="pytest tests"><testsuite name="pytest" errors="0" failures="0" skipped="19" tests="19" time="4.793" timestamp="2026-02-17T21:22:24.239922+00:00" hostname="agent-env-461aa8e2-cdea-49cc-a574-9f55511d7e98"><testcase classname="backend.tests.test_pre_transfer_reviews.TestPreTransferReviews" name="test_01_auth_working" time="0.319"><skipped type="pytest.skip" message="Authentication failed - skipping tests">/app/backend/tests/test_pre_transfer_reviews.py:48: Authentication failed - skipping tests</skipped></testcase><testcase classname="backend.tests.test_pre_transfer_reviews.TestPreTransferReviews" name="test_02_get_all_pre_transfer_reviews" time="0.373"><skipped type="pytest.skip" message="Authentication failed - skipping tests">/app/backend/tests/test_pre_transfer_reviews.py:56: Authentication failed - skipping tests</skipped></testcase><testcase classname="backend.tests.test_pre_transfer_reviews.TestPreTransferReviews" name="test_03_create_pre_transfer_review" time="0.247"><skipped type="pytest.skip" message="Authentication failed - skipping tests">/app/backend/tests/test_pre_transfer_reviews.py:73: Authentication failed - skipping tests</skipped></testcase><testcase classname="backend.tests.test_pre_transfer_reviews.TestPreTransferReviews" name="test_04_create_minimal_review" time="0.412"><skipped type="pytest.skip" message="Authentication failed - skipping tests">/app/backend/tests/test_pre_transfer_reviews.py:115: Authentication failed - skipping tests</skipped></testcase><testcase classname="backend.tests.test_pre_transfer_reviews.TestPreTransferReviews" name="test_05_get_single_review" time="0.181"><skipped type="pytest.skip" message="Authentication failed - skipping tests">/app/backend/tests/test_pre_transfer_reviews.py:144: Authentication failed - skipping tests</skipped></testcase><testcase classname="backend.tests.test_pre_transfer_reviews.TestPreTransferReviews" name="test_06_get_nonexistent_review" time="0.217"><skipped type="pytest.skip" message="Authentication failed - skipping tests">/app/backend/tests/test_pre_transfer_reviews.py:169: Authentication failed - skipping tests</skipped></testcase><testcase classname="backend.tests.test_pre_transfer_reviews.TestPreTransferReviews" name="test_07_update_pre_transfer_review" time="0.210"><skipped type="pytest.skip" message="Authentication failed - skipping tests">/app/backend/tests/test_pre_transfer_reviews.py:176: Authentication failed - skipping tests</skipped></testcase><testcase classname="backend.tests.test_pre_transfer_reviews.TestPreTransferReviews" name="test_08_update_nonexistent_review" time="0.333"><skipped type="pytest.skip" message="Authentication failed - skipping tests">/app/backend/tests/test_pre_transfer_reviews.py:220: Authentication failed - skipping tests</skipped></testcase><testcase classname="backend.tests.test_pre_transfer_reviews.TestPreTransferReviews" name="test_09_delete_pre_transfer_review" time="0.271"><skipped type="pytest.skip" message="Authentication failed - skipping tests">/app/backend/tests/test_pre_transfer_reviews.py:230: Authentication failed - skipping tests</skipped></testcase><testcase classname="backend.tests.test_pre_transfer_reviews.TestPreTransferReviews" name="test_10_delete_nonexistent_review" time="0.157"><skipped type="pytest.skip" message="Authentication failed - skipping tests">/app/backend/tests/test_pre_transfer_reviews.py:250: Authentication failed - skipping tests</skipped></testcase><testcase classname="backend.tests.test_pre_transfer_reviews.TestPreTransferReviews" name="test_11_make_decision_approve" time="0.191"><skipped type="pytest.skip" message="Authentication failed - skipping tests">/app/backend/tests/test_pre_transfer_reviews.py:257: Authentication failed - skipping tests</skipped></testcase><testcase classname="backend.tests.test_pre_transfer_reviews.TestPreTransferReviews" name="test_12_make_decision_reject" time="0.192"><skipped type="pytest.skip" message="Authentication failed - skipping tests">/app/backend/tests/test_pre_transfer_reviews.py:304: Authentication failed - skipping tests</skipped></testcase><testcase classname="backend.tests.test_pre_transfer_reviews.TestPreTransferReviews" name="test_13_make_decision_invalid" time="0.274"><skipped type="pytest.skip" message="Authentication failed - skipping tests">/app/backend/tests/test_pre_transfer_reviews.py:347: Authentication failed - skipping tests</skipped></testcase><testcase classname="backend.tests.test_pre_transfer_reviews.TestPreTransferReviews" name="test_14_make_decision_nonexistent" time="0.185"><skipped type="pytest.skip" message="Authentication failed - skipping tests">/app/backend/tests/test_pre_transfer_reviews.py:369: Authentication failed - skipping tests</skipped></testcase><testcase classname="backend.tests.test_pre_transfer_reviews.TestPreTransferReviews" name="test_15_get_pdf" time="0.155"><skipped type="pytest.skip" message="Authentication failed - skipping tests">/app/backend/tests/test_pre_transfer_reviews.py:379: Authentication failed - skipping tests</skipped></testcase><testcase classname="backend.tests.test_pre_transfer_reviews.TestPreTransferReviews" name="test_16_get_pdf_nonexistent" time="0.270"><skipped type="pytest.skip" message="Authentication failed - skipping tests">/app/backend/tests/test_pre_transfer_reviews.py:444: Authentication failed - skipping tests</skipped></testcase><testcase classname="backend.tests.test_pre_transfer_reviews.TestPreTransferReviews" name="test_17_filter_by_status" time="0.178"><skipped type="pytest.skip" message="Authentication failed - skipping tests">/app/backend/tests/test_pre_transfer_reviews.py:451: Authentication failed - skipping tests</skipped></testcase><testcase classname="backend.tests.test_pre_transfer_reviews.TestPreTransferReviews" name="test_18_existing_review_from_dev" time="0.176"><skipped type="pytest.skip" message="Authentication failed - skipping tests">/app/backend/tests/test_pre_transfer_reviews.py:505: Authentication failed - skipping tests</skipped></testcase><testcase classname="backend.tests.test_pre_transfer_reviews.TestPreTransferReviews" name="test_19_unauthorized_access" time="0.167"><skipped type="pytest.skip" message="Authentication failed - skipping tests">/app/backend/tests/test_pre_transfer_reviews.py:522: Authentication failed - skipping tests</skipped></testcase></testsuite></testsuites>