<?xml version="1.0" encoding="utf-8"?><testsuites name="pytest tests"><testsuite name="pytest" errors="0" failures="0" skipped="0" tests="19" time="17.458" timestamp="2026-02-17T21:22:46.682729+00:00" hostname="agent-env-461aa8e2-cdea-49cc-a574-9f55511d7e98"><testcase classname="backend.tests.test_pre_transfer_reviews.TestPreTransferReviews" name="test_01_auth_working" time="0.831" /><testcase classname="backend.tests.test_pre_transfer_reviews.TestPreTransferReviews" name="test_02_get_all_pre_transfer_reviews" time="0.728" /><testcase classname="backend.tests.test_pre_transfer_reviews.TestPreTransferReviews" name="test_03_create_pre_transfer_review" time="1.038" /><testcase classname="backend.tests.test_pre_transfer_reviews.TestPreTransferReviews" name="test_04_create_minimal_review" time="0.856" /><testcase classname="backend.tests.test_pre_transfer_reviews.TestPreTransferReviews" name="test_05_get_single_review" time="0.835" /><testcase classname="backend.tests.test_pre_transfer_reviews.TestPreTransferReviews" name="test_06_get_nonexistent_review" time="0.853" /><testcase classname="backend.tests.test_pre_transfer_reviews.TestPreTransferReviews" name="test_07_update_pre_transfer_review" time="1.153" /><testcase classname="backend.tests.test_pre_transfer_reviews.TestPreTransferReviews" name="test_08_update_nonexistent_review" time="0.694" /><testcase classname="backend.tests.test_pre_transfer_reviews.TestPreTransferReviews" name="test_09_delete_pre_transfer_review" time="0.865" /><testcase classname="backend.tests.test_pre_transfer_reviews.TestPreTransferReviews" name="test_10_delete_nonexistent_review" time="0.700" /><testcase classname="backend.tests.test_pre_transfer_reviews.TestPreTransferReviews" name="test_11_make_decision_approve" time="0.945" /><testcase classname="backend.tests.test_pre_transfer_reviews.TestPreTransferReviews" name="test_12_make_decision_reject" time="0.953" /><testcase classname="backend.tests.test_pre_transfer_reviews.TestPreTransferReviews" name="test_13_make_decision_invalid" time="0.828" /><testcase classname="backend.tests.test_pre_transfer_reviews.TestPreTransferReviews" name="test_14_make_decision_nonexistent" time="0.661" /><testcase classname="backend.tests.test_pre_transfer_reviews.TestPreTransferReviews" name="test_15_get_pdf" time="1.358" /><testcase classname="backend.tests.test_pre_transfer_reviews.TestPreTransferReviews" name="test_16_get_pdf_nonexistent" time="0.870" /><testcase classname="backend.tests.test_pre_transfer_reviews.TestPreTransferReviews" name="test_17_filter_by_status" time="1.334" /><testcase classname="backend.tests.test_pre_transfer_reviews.TestPreTransferReviews" name="test_18_existing_review_from_dev" time="0.747" /><testcase classname="backend.tests.test_pre_transfer_reviews.TestPreTransferReviews" name="test_19_unauthorized_access" time="1.017" /></testsuite></testsuites>