<?xml version="1.0" encoding="utf-8"?><testsuites name="pytest tests"><testsuite name="pytest" errors="0" failures="0" skipped="0" tests="16" time="9.207" timestamp="2026-02-14T06:36:07.023505+00:00" hostname="agent-env-7f72e8ea-60ff-433a-acc9-39ca9e051d26"><testcase classname="backend.tests.test_service_contract.TestHealthCheck" name="test_api_root" time="0.271" /><testcase classname="backend.tests.test_service_contract.TestAdminAuthentication" name="test_admin_login_success" time="0.609" /><testcase classname="backend.tests.test_service_contract.TestAdminAuthentication" name="test_admin_login_invalid_password" time="0.559" /><testcase classname="backend.tests.test_service_contract.TestAdminAuthentication" name="test_admin_login_invalid_email" time="0.150" /><testcase classname="backend.tests.test_service_contract.TestAdminDashboard" name="test_get_forms" time="0.674" /><testcase classname="backend.tests.test_service_contract.TestAdminDashboard" name="test_get_quotations" time="0.986" /><testcase classname="backend.tests.test_service_contract.TestAdminDashboard" name="test_get_contracts" time="0.686" /><testcase classname="backend.tests.test_service_contract.TestAdminDashboard" name="test_get_application_forms" time="0.735" /><testcase classname="backend.tests.test_service_contract.TestApplicationFormCreation" name="test_create_application_form_with_client_info" time="0.760" /><testcase classname="backend.tests.test_service_contract.TestApplicationFormCreation" name="test_create_application_form_without_auth" time="0.211" /><testcase classname="backend.tests.test_service_contract.TestPublicFormAccess" name="test_get_public_form" time="0.140" /><testcase classname="backend.tests.test_service_contract.TestPublicFormAccess" name="test_get_public_form_invalid_token" time="0.143" /><testcase classname="backend.tests.test_service_contract.TestPublicFormAccess" name="test_save_draft_public_form" time="0.300" /><testcase classname="backend.tests.test_service_contract.TestPublicFormSubmission" name="test_create_and_submit_form" time="1.127" /><testcase classname="backend.tests.test_service_contract.TestPublicFormSubmission" name="test_submit_without_declaration_fails" time="0.780" /><testcase classname="backend.tests.test_service_contract.TestEmailSending" name="test_send_form_email" time="0.782" /></testsuite></testsuites>