<?xml version="1.0" encoding="utf-8"?><testsuites name="pytest tests"><testsuite name="pytest" errors="0" failures="0" skipped="0" tests="21" time="18.457" timestamp="2026-02-12T09:04:58.292984+00:00" hostname="agent-env-7f72e8ea-60ff-433a-acc9-39ca9e051d26"><testcase classname="tests.test_application_forms.TestHealthCheck" name="test_api_root" time="0.176" /><testcase classname="tests.test_application_forms.TestAuthentication" name="test_admin_login_success" time="0.559" /><testcase classname="tests.test_application_forms.TestAuthentication" name="test_client_login_success" time="0.496" /><testcase classname="tests.test_application_forms.TestAuthentication" name="test_login_invalid_credentials" time="0.079" /><testcase classname="tests.test_application_forms.TestAuthentication" name="test_get_me_with_valid_token" time="0.607" /><testcase classname="tests.test_application_forms.TestAuthentication" name="test_get_me_without_token" time="0.074" /><testcase classname="tests.test_application_forms.TestAdminClientManagement" name="test_get_clients_as_admin" time="0.684" /><testcase classname="tests.test_application_forms.TestAdminClientManagement" name="test_get_clients_as_client_forbidden" time="0.642" /><testcase classname="tests.test_application_forms.TestApplicationForms" name="test_create_application_form_as_admin" time="0.843" /><testcase classname="tests.test_application_forms.TestApplicationForms" name="test_create_application_form_as_client_forbidden" time="1.537" /><testcase classname="tests.test_application_forms.TestApplicationForms" name="test_get_application_forms_as_admin" time="0.814" /><testcase classname="tests.test_application_forms.TestApplicationForms" name="test_get_application_forms_as_client" time="0.673" /><testcase classname="tests.test_application_forms.TestApplicationForms" name="test_save_draft_application_form" time="2.598" /><testcase classname="tests.test_application_forms.TestApplicationForms" name="test_submit_application_form" time="1.902" /><testcase classname="tests.test_application_forms.TestApplicationForms" name="test_submit_without_declaration_fails" time="1.423" /><testcase classname="tests.test_application_forms.TestLegacyForms" name="test_get_forms_as_admin" time="0.601" /><testcase classname="tests.test_application_forms.TestLegacyForms" name="test_get_forms_as_client" time="0.917" /><testcase classname="tests.test_application_forms.TestQuotations" name="test_get_quotations_as_admin" time="0.980" /><testcase classname="tests.test_application_forms.TestQuotations" name="test_get_quotations_as_client" time="1.032" /><testcase classname="tests.test_application_forms.TestContracts" name="test_get_contracts_as_admin" time="0.616" /><testcase classname="tests.test_application_forms.TestContracts" name="test_get_contracts_as_client" time="0.664" /></testsuite></testsuites>