<?xml version="1.0" encoding="utf-8"?><testsuites name="pytest tests"><testsuite name="pytest" errors="0" failures="0" skipped="0" tests="31" time="12.301" timestamp="2026-02-18T07:38:26.452239+00:00" hostname="agent-env-15f5ba7f-f958-4150-ad32-96f823ea3046"><testcase classname="backend.tests.test_refactored_routes_iteration36.TestTechnicalReviews" name="test_get_technical_reviews" time="0.856" /><testcase classname="backend.tests.test_refactored_routes_iteration36.TestTechnicalReviews" name="test_create_and_crud_technical_review" time="0.843" /><testcase classname="backend.tests.test_refactored_routes_iteration36.TestTechnicalReviews" name="test_technical_review_unauthorized" time="0.146" /><testcase classname="backend.tests.test_refactored_routes_iteration36.TestCustomerFeedback" name="test_get_customer_feedback" time="0.172" /><testcase classname="backend.tests.test_refactored_routes_iteration36.TestCustomerFeedback" name="test_create_and_crud_customer_feedback" time="0.861" /><testcase classname="backend.tests.test_refactored_routes_iteration36.TestCustomerFeedback" name="test_customer_feedback_unauthorized" time="0.160" /><testcase classname="backend.tests.test_refactored_routes_iteration36.TestPublicFeedback" name="test_public_feedback_flow" time="0.753" /><testcase classname="backend.tests.test_refactored_routes_iteration36.TestPublicFeedback" name="test_public_feedback_invalid_token" time="0.191" /><testcase classname="backend.tests.test_refactored_routes_iteration36.TestPreTransferReviews" name="test_get_pre_transfer_reviews" time="0.165" /><testcase classname="backend.tests.test_refactored_routes_iteration36.TestPreTransferReviews" name="test_create_and_crud_pre_transfer_review" time="0.806" /><testcase classname="backend.tests.test_refactored_routes_iteration36.TestPreTransferReviews" name="test_pre_transfer_reviews_unauthorized" time="0.151" /><testcase classname="backend.tests.test_refactored_routes_iteration36.TestCertifiedClients" name="test_get_certified_clients" time="0.191" /><testcase classname="backend.tests.test_refactored_routes_iteration36.TestCertifiedClients" name="test_get_certified_clients_stats" time="0.142" /><testcase classname="backend.tests.test_refactored_routes_iteration36.TestCertifiedClients" name="test_create_and_crud_certified_client" time="0.530" /><testcase classname="backend.tests.test_refactored_routes_iteration36.TestCertifiedClients" name="test_certified_clients_excel_export" time="0.181" /><testcase classname="backend.tests.test_refactored_routes_iteration36.TestCertifiedClients" name="test_certified_clients_unauthorized" time="0.132" /><testcase classname="backend.tests.test_refactored_routes_iteration36.TestSuspendedClients" name="test_get_suspended_clients" time="0.152" /><testcase classname="backend.tests.test_refactored_routes_iteration36.TestSuspendedClients" name="test_get_suspended_clients_stats" time="0.134" /><testcase classname="backend.tests.test_refactored_routes_iteration36.TestSuspendedClients" name="test_create_and_crud_suspended_client" time="0.999" /><testcase classname="backend.tests.test_refactored_routes_iteration36.TestSuspendedClients" name="test_suspended_clients_excel_export" time="0.194" /><testcase classname="backend.tests.test_refactored_routes_iteration36.TestSuspendedClients" name="test_suspended_clients_unauthorized" time="0.237" /><testcase classname="backend.tests.test_refactored_routes_iteration36.TestPortalRoutes" name="test_submit_rfq_public" time="0.234" /><testcase classname="backend.tests.test_refactored_routes_iteration36.TestPortalRoutes" name="test_submit_contact_public" time="0.198" /><testcase classname="backend.tests.test_refactored_routes_iteration36.TestPortalRoutes" name="test_get_rfq_requests_admin" time="0.136" /><testcase classname="backend.tests.test_refactored_routes_iteration36.TestPortalRoutes" name="test_get_contact_messages_admin" time="0.192" /><testcase classname="backend.tests.test_refactored_routes_iteration36.TestPortalRoutes" name="test_update_rfq_request_status" time="0.547" /><testcase classname="backend.tests.test_refactored_routes_iteration36.TestPortalRoutes" name="test_rfq_requests_unauthorized" time="0.200" /><testcase classname="backend.tests.test_refactored_routes_iteration36.TestPortalRoutes" name="test_contact_messages_unauthorized" time="0.142" /><testcase classname="backend.tests.test_refactored_routes_iteration36.TestPDFGeneration" name="test_technical_review_pdf" time="0.868" /><testcase classname="backend.tests.test_refactored_routes_iteration36.TestPDFGeneration" name="test_customer_feedback_pdf" time="0.671" /><testcase classname="backend.tests.test_refactored_routes_iteration36.TestPDFGeneration" name="test_pre_transfer_review_pdf" time="0.659" /></testsuite></testsuites>