<?xml version="1.0" encoding="utf-8"?><testsuites name="pytest tests"><testsuite name="pytest" errors="0" failures="0" skipped="0" tests="6" time="3.416" timestamp="2026-02-14T11:29:55.853540+00:00" hostname="agent-env-ed942864-4d24-47fd-a658-2f55e9817717"><testcase classname="tests.test_seal_mandatory.TestBackendAPIHealth" name="test_api_root" time="0.263" /><testcase classname="tests.test_seal_mandatory.TestCompanySealMandatory" name="test_agreement_submit_without_stamp_returns_422" time="1.022" /><testcase classname="tests.test_seal_mandatory.TestCompanySealMandatory" name="test_agreement_submit_with_stamp_validates_correctly" time="0.165" /><testcase classname="tests.test_seal_mandatory.TestPydanticModelValidation" name="test_stamp_image_field_is_required_in_model" time="0.137" /><testcase classname="tests.test_seal_mandatory.TestNotificationsAPI" name="test_notifications_endpoint_works" time="0.652" /><testcase classname="tests.test_seal_mandatory.TestNotificationsAPI" name="test_mark_all_read_endpoint_works" time="0.950" /></testsuite></testsuites>