<?xml version="1.0" encoding="utf-8"?><testsuites name="pytest tests"><testsuite name="pytest" errors="0" failures="0" skipped="2" tests="9" time="2.605" timestamp="2026-02-14T11:20:12.294517+00:00" hostname="agent-env-0633c857-3a56-4f10-9004-bd9f999efe85"><testcase classname="backend.tests.test_signature_feature.TestProposalStatus" name="test_proposal_is_accepted_or_agreement_signed" time="0.180" /><testcase classname="backend.tests.test_signature_feature.TestAgreementStatus" name="test_get_agreement_status_pending" time="0.157" /><testcase classname="backend.tests.test_signature_feature.TestSignatureValidation" name="test_agreement_requires_signature" time="0.136"><skipped type="pytest.skip" message="Agreement already submitted, cannot test validation">/app/backend/tests/test_signature_feature.py:83: Agreement already submitted, cannot test validation</skipped></testcase><testcase classname="backend.tests.test_signature_feature.TestAgreementSubmissionWithSignature" name="test_submit_agreement_with_signature_only" time="0.140"><skipped type="pytest.skip" message="Agreement already submitted">/app/backend/tests/test_signature_feature.py:130: Agreement already submitted</skipped></testcase><testcase classname="backend.tests.test_signature_feature.TestAgreementSubmissionWithSignature" name="test_verify_agreement_stored_signature" time="0.137" /><testcase classname="backend.tests.test_signature_feature.TestAgreementWithStamp" name="test_create_new_proposal_and_submit_with_stamp" time="0.944" /><testcase classname="backend.tests.test_signature_feature.TestPDFGenerationWithSignature" name="test_public_pdf_generation" time="0.326" /><testcase classname="backend.tests.test_signature_feature.TestPDFGenerationWithSignature" name="test_admin_pdf_generation" time="0.204" /><testcase classname="backend.tests.test_signature_feature.TestCertificationAgreementModel" name="test_agreement_model_has_signature_fields" time="0.133" /></testsuite></testsuites>