<?xml version="1.0" encoding="utf-8"?><testsuites name="pytest tests"><testsuite name="pytest" errors="0" failures="0" skipped="0" tests="21" time="25.489" timestamp="2026-02-17T16:51:14.863961+00:00" hostname="agent-env-955093f9-e813-4abf-bd97-3846b8357c00"><testcase classname="tests.test_stage2_audit_plans.TestStage2AuditPlansAPI" name="test_01_admin_login" time="1.676" /><testcase classname="tests.test_stage2_audit_plans.TestStage2AuditPlansAPI" name="test_02_list_job_orders" time="1.239" /><testcase classname="tests.test_stage2_audit_plans.TestStage2AuditPlansAPI" name="test_03_list_stage1_plans" time="0.825" /><testcase classname="tests.test_stage2_audit_plans.TestStage2AuditPlansAPI" name="test_04_list_stage2_plans_empty_or_existing" time="0.669" /><testcase classname="tests.test_stage2_audit_plans.TestStage2AuditPlansAPI" name="test_05_create_stage2_from_job_order" time="1.875" /><testcase classname="tests.test_stage2_audit_plans.TestStage2AuditPlansAPI" name="test_06_get_stage2_plan" time="0.841" /><testcase classname="tests.test_stage2_audit_plans.TestStage2AuditPlansAPI" name="test_07_update_stage2_plan" time="0.847" /><testcase classname="tests.test_stage2_audit_plans.TestStage2AuditPlansAPI" name="test_08_update_schedule_entries" time="0.816" /><testcase classname="tests.test_stage2_audit_plans.TestStage2AuditPlansAPI" name="test_09_add_team_members" time="1.263" /><testcase classname="tests.test_stage2_audit_plans.TestStage2AuditPlansAPI" name="test_10_manager_approve" time="0.816" /><testcase classname="tests.test_stage2_audit_plans.TestStage2AuditPlansAPI" name="test_11_send_to_client" time="0.983" /><testcase classname="tests.test_stage2_audit_plans.TestStage2AuditPlansAPI" name="test_12_send_to_client_requires_approval" time="1.329" /><testcase classname="tests.test_stage2_audit_plans.TestStage2AuditPlansAPI" name="test_13_public_access_plan" time="0.980" /><testcase classname="tests.test_stage2_audit_plans.TestStage2AuditPlansAPI" name="test_14_public_access_requires_sent" time="2.158" /><testcase classname="tests.test_stage2_audit_plans.TestStage2AuditPlansAPI" name="test_15_client_accept_plan" time="1.230" /><testcase classname="tests.test_stage2_audit_plans.TestStage2AuditPlansAPI" name="test_16_client_cannot_accept_twice" time="1.036" /><testcase classname="tests.test_stage2_audit_plans.TestStage2AuditPlansAPI" name="test_17_generate_pdf" time="1.938" /><testcase classname="tests.test_stage2_audit_plans.TestStage2AuditPlansAPI" name="test_18_generate_pdf_not_found" time="0.816" /><testcase classname="tests.test_stage2_audit_plans.TestStage2AuditPlansAPI" name="test_19_delete_stage2_plan" time="0.916" /><testcase classname="tests.test_stage2_audit_plans.TestStage2AuditPlansAPI" name="test_20_delete_not_found" time="0.913" /><testcase classname="tests.test_stage2_audit_plans.TestStage2AuditPlansRequestChanges" name="test_client_request_changes_workflow" time="1.368" /></testsuite></testsuites>