<?xml version="1.0" encoding="utf-8"?><testsuites name="pytest tests"><testsuite name="pytest" errors="0" failures="0" skipped="0" tests="17" time="22.794" timestamp="2026-02-17T16:24:11.160139+00:00" hostname="agent-env-02a7ca19-b068-4f0b-af22-ff26f9c0225d"><testcase classname="tests.test_stage1_audit_plans.TestStage1AuditPlansAPI" name="test_list_stage1_audit_plans" time="1.333" /><testcase classname="tests.test_stage1_audit_plans.TestStage1AuditPlansAPI" name="test_get_existing_stage1_plan" time="1.210" /><testcase classname="tests.test_stage1_audit_plans.TestStage1AuditPlansAPI" name="test_get_nonexistent_plan" time="1.023" /><testcase classname="tests.test_stage1_audit_plans.TestStage1AuditPlansAPI" name="test_update_stage1_plan" time="1.654" /><testcase classname="tests.test_stage1_audit_plans.TestStage1AuditPlansAPI" name="test_get_stage1_plan_pdf" time="1.377" /><testcase classname="tests.test_stage1_audit_plans.TestStage1AuditPlansAPI" name="test_public_stage1_plan_access" time="1.514" /><testcase classname="tests.test_stage1_audit_plans.TestStage1AuditPlansAPI" name="test_public_stage1_plan_invalid_token" time="1.183" /><testcase classname="tests.test_stage1_audit_plans.TestStage1AuditPlansAPI" name="test_manager_approve_already_approved" time="1.412" /><testcase classname="tests.test_stage1_audit_plans.TestStage1AuditPlansAPI" name="test_send_to_client" time="1.078" /><testcase classname="tests.test_stage1_audit_plans.TestStage1AuditPlansAPI" name="test_client_accept_plan" time="1.229" /><testcase classname="tests.test_stage1_audit_plans.TestStage1AuditPlansAPI" name="test_client_request_changes_format" time="1.301" /><testcase classname="tests.test_stage1_audit_plans.TestStage1AuditPlansAPI" name="test_full_workflow_verification" time="1.227" /><testcase classname="tests.test_stage1_audit_plans.TestStage1AuditPlansAPI" name="test_create_plan_requires_job_order" time="1.493" /><testcase classname="tests.test_stage1_audit_plans.TestStage1AuditPlansAPI" name="test_list_plans_requires_auth" time="1.415" /><testcase classname="tests.test_stage1_audit_plans.TestStage1AuditPlansAPI" name="test_create_plan_requires_auth" time="1.255" /><testcase classname="tests.test_stage1_audit_plans.TestStage1AuditPlansAPI" name="test_update_plan_requires_auth" time="1.339" /><testcase classname="tests.test_stage1_audit_plans.TestStage1AuditPlansAPI" name="test_delete_plan_requires_auth" time="1.274" /></testsuite></testsuites>