<?xml version="1.0" encoding="utf-8"?><testsuites name="pytest tests"><testsuite name="pytest" errors="0" failures="1" skipped="0" tests="17" time="18.134" timestamp="2026-02-17T16:23:37.449019+00:00" hostname="agent-env-02a7ca19-b068-4f0b-af22-ff26f9c0225d"><testcase classname="tests.test_stage1_audit_plans.TestStage1AuditPlansAPI" name="test_list_stage1_audit_plans" time="1.425" /><testcase classname="tests.test_stage1_audit_plans.TestStage1AuditPlansAPI" name="test_get_existing_stage1_plan" time="1.002" /><testcase classname="tests.test_stage1_audit_plans.TestStage1AuditPlansAPI" name="test_get_nonexistent_plan" time="0.865" /><testcase classname="tests.test_stage1_audit_plans.TestStage1AuditPlansAPI" name="test_update_stage1_plan" time="1.124"><failure message="AssertionError: assert 'Stage 1 Audi... successfully' == 'Stage 1 Audit Plan updated'&#10;  &#10;  - Stage 1 Audit Plan updated&#10;  + Stage 1 Audit Plan updated successfully&#10;  ?                           +++++++++++++">tests/test_stage1_audit_plans.py:106: in test_update_stage1_plan
    assert data.get("message") == "Stage 1 Audit Plan updated"
E   AssertionError: assert 'Stage 1 Audi... successfully' == 'Stage 1 Audit Plan updated'
E     
E     - Stage 1 Audit Plan updated
E     + Stage 1 Audit Plan updated successfully
E     ?                           +++++++++++++</failure></testcase><testcase classname="tests.test_stage1_audit_plans.TestStage1AuditPlansAPI" name="test_get_stage1_plan_pdf" time="1.709" /><testcase classname="tests.test_stage1_audit_plans.TestStage1AuditPlansAPI" name="test_public_stage1_plan_access" time="0.816" /><testcase classname="tests.test_stage1_audit_plans.TestStage1AuditPlansAPI" name="test_public_stage1_plan_invalid_token" time="0.904" /><testcase classname="tests.test_stage1_audit_plans.TestStage1AuditPlansAPI" name="test_manager_approve_already_approved" time="0.809" /><testcase classname="tests.test_stage1_audit_plans.TestStage1AuditPlansAPI" name="test_send_to_client" time="0.938" /><testcase classname="tests.test_stage1_audit_plans.TestStage1AuditPlansAPI" name="test_client_accept_plan" time="0.801" /><testcase classname="tests.test_stage1_audit_plans.TestStage1AuditPlansAPI" name="test_client_request_changes_format" time="1.183" /><testcase classname="tests.test_stage1_audit_plans.TestStage1AuditPlansAPI" name="test_full_workflow_verification" time="0.727" /><testcase classname="tests.test_stage1_audit_plans.TestStage1AuditPlansAPI" name="test_create_plan_requires_job_order" time="0.997" /><testcase classname="tests.test_stage1_audit_plans.TestStage1AuditPlansAPI" name="test_list_plans_requires_auth" time="0.877" /><testcase classname="tests.test_stage1_audit_plans.TestStage1AuditPlansAPI" name="test_create_plan_requires_auth" time="1.124" /><testcase classname="tests.test_stage1_audit_plans.TestStage1AuditPlansAPI" name="test_update_plan_requires_auth" time="0.999" /><testcase classname="tests.test_stage1_audit_plans.TestStage1AuditPlansAPI" name="test_delete_plan_requires_auth" time="1.269" /></testsuite></testsuites>