<?xml version="1.0" encoding="utf-8"?><testsuites name="pytest tests"><testsuite name="pytest" errors="0" failures="0" skipped="18" tests="18" time="1.465" timestamp="2026-02-17T21:53:33.941260+00:00" hostname="agent-env-461aa8e2-cdea-49cc-a574-9f55511d7e98"><testcase classname="tests.test_suspended_clients.TestSuspendedClientsEndpoints" name="test_01_get_suspended_clients_list" time="0.732"><skipped type="pytest.skip" message="Authentication failed - skipping tests">/app/backend/tests/test_suspended_clients.py:44: Authentication failed - skipping tests</skipped></testcase><testcase classname="tests.test_suspended_clients.TestSuspendedClientsEndpoints" name="test_02_get_stats_overview" time="0.000"><skipped type="pytest.skip" message="Authentication failed - skipping tests">/app/backend/tests/test_suspended_clients.py:52: Authentication failed - skipping tests</skipped></testcase><testcase classname="tests.test_suspended_clients.TestSuspendedClientsEndpoints" name="test_03_create_suspended_client" time="0.000"><skipped type="pytest.skip" message="Authentication failed - skipping tests">/app/backend/tests/test_suspended_clients.py:66: Authentication failed - skipping tests</skipped></testcase><testcase classname="tests.test_suspended_clients.TestSuspendedClientsEndpoints" name="test_04_get_single_suspended_client" time="0.001"><skipped type="pytest.skip" message="Authentication failed - skipping tests">/app/backend/tests/test_suspended_clients.py:97: Authentication failed - skipping tests</skipped></testcase><testcase classname="tests.test_suspended_clients.TestSuspendedClientsEndpoints" name="test_05_update_suspended_client" time="0.002"><skipped type="pytest.skip" message="Authentication failed - skipping tests">/app/backend/tests/test_suspended_clients.py:113: Authentication failed - skipping tests</skipped></testcase><testcase classname="tests.test_suspended_clients.TestSuspendedClientsEndpoints" name="test_06_filter_by_status" time="0.001"><skipped type="pytest.skip" message="Authentication failed - skipping tests">/app/backend/tests/test_suspended_clients.py:133: Authentication failed - skipping tests</skipped></testcase><testcase classname="tests.test_suspended_clients.TestSuspendedClientsEndpoints" name="test_07_export_excel" time="0.002"><skipped type="pytest.skip" message="Authentication failed - skipping tests">/app/backend/tests/test_suspended_clients.py:144: Authentication failed - skipping tests</skipped></testcase><testcase classname="tests.test_suspended_clients.TestSuspendedClientsEndpoints" name="test_08_generate_pdf" time="0.001"><skipped type="pytest.skip" message="Authentication failed - skipping tests">/app/backend/tests/test_suspended_clients.py:157: Authentication failed - skipping tests</skipped></testcase><testcase classname="tests.test_suspended_clients.TestSuspendedClientsEndpoints" name="test_09_get_nonexistent_client" time="0.001"><skipped type="pytest.skip" message="Authentication failed - skipping tests">/app/backend/tests/test_suspended_clients.py:173: Authentication failed - skipping tests</skipped></testcase><testcase classname="tests.test_suspended_clients.TestSuspendedClientsEndpoints" name="test_10_create_second_suspended_client_for_lift_test" time="0.001"><skipped type="pytest.skip" message="Authentication failed - skipping tests">/app/backend/tests/test_suspended_clients.py:179: Authentication failed - skipping tests</skipped></testcase><testcase classname="tests.test_suspended_clients.TestSuspendedClientsEndpoints" name="test_11_lift_suspension_reinstate" time="0.000"><skipped type="pytest.skip" message="Authentication failed - skipping tests">/app/backend/tests/test_suspended_clients.py:197: Authentication failed - skipping tests</skipped></testcase><testcase classname="tests.test_suspended_clients.TestSuspendedClientsEndpoints" name="test_12_lift_already_lifted_client_fails" time="0.001"><skipped type="pytest.skip" message="Authentication failed - skipping tests">/app/backend/tests/test_suspended_clients.py:217: Authentication failed - skipping tests</skipped></testcase><testcase classname="tests.test_suspended_clients.TestSuspendedClientsEndpoints" name="test_13_stats_after_operations" time="0.001"><skipped type="pytest.skip" message="Authentication failed - skipping tests">/app/backend/tests/test_suspended_clients.py:231: Authentication failed - skipping tests</skipped></testcase><testcase classname="tests.test_suspended_clients.TestSuspendedClientsEndpoints" name="test_14_delete_test_client" time="0.002"><skipped type="pytest.skip" message="Authentication failed - skipping tests">/app/backend/tests/test_suspended_clients.py:241: Authentication failed - skipping tests</skipped></testcase><testcase classname="tests.test_suspended_clients.TestSuspendedClientsEndpoints" name="test_15_cleanup_lift_test_client" time="0.001"><skipped type="pytest.skip" message="Authentication failed - skipping tests">/app/backend/tests/test_suspended_clients.py:255: Authentication failed - skipping tests</skipped></testcase><testcase classname="tests.test_suspended_clients.TestSuspendedClientsValidation" name="test_create_missing_required_fields" time="0.001"><skipped type="pytest.skip" message="Authentication failed - skipping tests">/app/backend/tests/test_suspended_clients.py:267: Authentication failed - skipping tests</skipped></testcase><testcase classname="tests.test_suspended_clients.TestSuspendedClientsValidation" name="test_filter_invalid_status" time="0.001"><skipped type="pytest.skip" message="Authentication failed - skipping tests">/app/backend/tests/test_suspended_clients.py:277: Authentication failed - skipping tests</skipped></testcase><testcase classname="tests.test_suspended_clients.TestExistingData" name="test_verify_existing_reinstated_client" time="0.001"><skipped type="pytest.skip" message="Authentication failed - skipping tests">/app/backend/tests/test_suspended_clients.py:287: Authentication failed - skipping tests</skipped></testcase></testsuite></testsuites>