<?xml version="1.0" encoding="utf-8"?><testsuites name="pytest tests"><testsuite name="pytest" errors="0" failures="0" skipped="0" tests="18" time="14.200" timestamp="2026-02-17T21:53:55.966145+00:00" hostname="agent-env-461aa8e2-cdea-49cc-a574-9f55511d7e98"><testcase classname="tests.test_suspended_clients.TestSuspendedClientsEndpoints" name="test_01_get_suspended_clients_list" time="1.806" /><testcase classname="tests.test_suspended_clients.TestSuspendedClientsEndpoints" name="test_02_get_stats_overview" time="0.455" /><testcase classname="tests.test_suspended_clients.TestSuspendedClientsEndpoints" name="test_03_create_suspended_client" time="0.512" /><testcase classname="tests.test_suspended_clients.TestSuspendedClientsEndpoints" name="test_04_get_single_suspended_client" time="0.457" /><testcase classname="tests.test_suspended_clients.TestSuspendedClientsEndpoints" name="test_05_update_suspended_client" time="0.537" /><testcase classname="tests.test_suspended_clients.TestSuspendedClientsEndpoints" name="test_06_filter_by_status" time="0.337" /><testcase classname="tests.test_suspended_clients.TestSuspendedClientsEndpoints" name="test_07_export_excel" time="2.255" /><testcase classname="tests.test_suspended_clients.TestSuspendedClientsEndpoints" name="test_08_generate_pdf" time="1.057" /><testcase classname="tests.test_suspended_clients.TestSuspendedClientsEndpoints" name="test_09_get_nonexistent_client" time="0.272" /><testcase classname="tests.test_suspended_clients.TestSuspendedClientsEndpoints" name="test_10_create_second_suspended_client_for_lift_test" time="0.444" /><testcase classname="tests.test_suspended_clients.TestSuspendedClientsEndpoints" name="test_11_lift_suspension_reinstate" time="0.971" /><testcase classname="tests.test_suspended_clients.TestSuspendedClientsEndpoints" name="test_12_lift_already_lifted_client_fails" time="0.757" /><testcase classname="tests.test_suspended_clients.TestSuspendedClientsEndpoints" name="test_13_stats_after_operations" time="0.555" /><testcase classname="tests.test_suspended_clients.TestSuspendedClientsEndpoints" name="test_14_delete_test_client" time="0.971" /><testcase classname="tests.test_suspended_clients.TestSuspendedClientsEndpoints" name="test_15_cleanup_lift_test_client" time="0.515" /><testcase classname="tests.test_suspended_clients.TestSuspendedClientsValidation" name="test_create_missing_required_fields" time="0.293" /><testcase classname="tests.test_suspended_clients.TestSuspendedClientsValidation" name="test_filter_invalid_status" time="0.286" /><testcase classname="tests.test_suspended_clients.TestExistingData" name="test_verify_existing_reinstated_client" time="0.408" /></testsuite></testsuites>