<?xml version="1.0" encoding="utf-8"?><testsuites name="pytest tests"><testsuite name="pytest" errors="0" failures="0" skipped="0" tests="18" time="18.081" timestamp="2026-02-17T20:36:40.371038+00:00" hostname="agent-env-72f8b23c-469b-472d-afd1-8d0ef39bd101"><testcase classname="backend.tests.test_technical_reviews.TestTechnicalReviewsFeature" name="test_01_list_technical_reviews" time="1.021" /><testcase classname="backend.tests.test_technical_reviews.TestTechnicalReviewsFeature" name="test_02_create_technical_review_manual" time="0.739" /><testcase classname="backend.tests.test_technical_reviews.TestTechnicalReviewsFeature" name="test_03_get_single_technical_review" time="0.758" /><testcase classname="backend.tests.test_technical_reviews.TestTechnicalReviewsFeature" name="test_04_update_technical_review" time="1.020" /><testcase classname="backend.tests.test_technical_reviews.TestTechnicalReviewsFeature" name="test_05_make_decision_issue_certificate" time="1.028" /><testcase classname="backend.tests.test_technical_reviews.TestTechnicalReviewsFeature" name="test_06_approve_and_auto_issue_certificate" time="1.176" /><testcase classname="backend.tests.test_technical_reviews.TestTechnicalReviewsFeature" name="test_07_generate_pdf" time="0.991" /><testcase classname="backend.tests.test_technical_reviews.TestTechnicalReviewsFeature" name="test_08_create_and_delete_review" time="1.210" /><testcase classname="backend.tests.test_technical_reviews.TestTechnicalReviewsFeature" name="test_09_make_decision_reject" time="1.706" /><testcase classname="backend.tests.test_technical_reviews.TestTechnicalReviewsFeature" name="test_10_make_decision_needs_review" time="1.510" /><testcase classname="backend.tests.test_technical_reviews.TestTechnicalReviewsFeature" name="test_11_invalid_decision" time="1.065" /><testcase classname="backend.tests.test_technical_reviews.TestTechnicalReviewsFeature" name="test_12_list_with_status_filter" time="0.738" /><testcase classname="backend.tests.test_technical_reviews.TestTechnicalReviewsFeature" name="test_13_cleanup_test_data" time="0.830" /><testcase classname="backend.tests.test_technical_reviews.TestTechnicalReviewEdgeCases" name="test_get_nonexistent_review" time="0.744" /><testcase classname="backend.tests.test_technical_reviews.TestTechnicalReviewEdgeCases" name="test_update_nonexistent_review" time="0.680" /><testcase classname="backend.tests.test_technical_reviews.TestTechnicalReviewEdgeCases" name="test_delete_nonexistent_review" time="0.892" /><testcase classname="backend.tests.test_technical_reviews.TestTechnicalReviewEdgeCases" name="test_create_with_minimal_data" time="1.049" /><testcase classname="backend.tests.test_technical_reviews.TestTechnicalReviewEdgeCases" name="test_unauthorized_access" time="0.634" /></testsuite></testsuites>